\BOOKMARK [1][-]{section*.1}{\376\377\000A\000b\000s\000t\000r\000a\000c\000t}{}% 1
\BOOKMARK [2][-]{subsection.0.1}{\376\377\0000\000.\0001\000\040\0001\000.\000\040\000I\000n\000t\000r\000o\000d\000u\000c\000t\000i\000o\000n}{section*.1}% 2
\BOOKMARK [1][-]{section.1}{\376\377\0001\000\040\000A\000I\000\040\000A\000p\000p\000l\000i\000c\000a\000t\000i\000o\000n\000s\000\040\000i\000n\000\040\000S\000m\000a\000r\000t\000\040\000a\000n\000d\000\040\000S\000u\000s\000t\000a\000i\000n\000a\000b\000l\000e\000\040\000M\000a\000n\000u\000f\000a\000c\000t\000u\000r\000i\000n\000g\000\040\000S\000y\000s\000t\000e\000m\000s}{}% 3
\BOOKMARK [2][-]{subsection.1.1}{\376\377\0001\000.\0001\000\040\000A\000I\000-\000D\000r\000i\000v\000e\000n\000\040\000P\000r\000o\000c\000e\000s\000s\000\040\000O\000p\000t\000i\000m\000i\000z\000a\000t\000i\000o\000n}{section.1}% 4
\BOOKMARK [2][-]{subsection.1.2}{\376\377\0001\000.\0002\000\040\000P\000r\000e\000d\000i\000c\000t\000i\000v\000e\000\040\000M\000a\000i\000n\000t\000e\000n\000a\000n\000c\000e}{section.1}% 5
\BOOKMARK [2][-]{subsection.1.3}{\376\377\0001\000.\0003\000\040\000Q\000u\000a\000l\000i\000t\000y\000\040\000C\000o\000n\000t\000r\000o\000l\000\040\000a\000n\000d\000\040\000D\000e\000f\000e\000c\000t\000\040\000D\000e\000t\000e\000c\000t\000i\000o\000n}{section.1}% 6
\BOOKMARK [2][-]{subsection.1.4}{\376\377\0001\000.\0004\000\040\000E\000n\000e\000r\000g\000y\000\040\000M\000a\000n\000a\000g\000e\000m\000e\000n\000t\000\040\000a\000n\000d\000\040\000S\000u\000s\000t\000a\000i\000n\000a\000b\000i\000l\000i\000t\000y}{section.1}% 7
\BOOKMARK [2][-]{subsection.1.5}{\376\377\0001\000.\0005\000\040\000C\000o\000m\000p\000a\000r\000a\000t\000i\000v\000e\000\040\000O\000v\000e\000r\000v\000i\000e\000w\000\040\000o\000f\000\040\000A\000I\000\040\000M\000e\000t\000h\000o\000d\000s}{section.1}% 8
\BOOKMARK [2][-]{subsection.1.6}{\376\377\0001\000.\0006\000\040\000S\000m\000a\000r\000t\000\040\000M\000a\000n\000u\000f\000a\000c\000t\000u\000r\000i\000n\000g\000\040\000P\000r\000o\000c\000e\000s\000s\000e\000s\000\040\000a\000n\000d\000\040\000I\000n\000d\000u\000s\000t\000r\000y\000\040\0004\000.\0000\000\040\000I\000n\000t\000e\000g\000r\000a\000t\000i\000o\000n}{section.1}% 9
\BOOKMARK [2][-]{subsection.1.7}{\376\377\0001\000.\0007\000\040\000A\000I\000-\000D\000r\000i\000v\000e\000n\000\040\000M\000a\000n\000u\000f\000a\000c\000t\000u\000r\000i\000n\000g\000\040\000I\000n\000n\000o\000v\000a\000t\000i\000o\000n\000\040\000a\000n\000d\000\040\000G\000e\000n\000e\000r\000a\000t\000i\000v\000e\000\040\000A\000I}{section.1}% 10
\BOOKMARK [2][-]{subsection.1.8}{\376\377\0001\000.\0008\000\040\000I\000n\000d\000u\000s\000t\000r\000i\000a\000l\000\040\000A\000I\000\040\000S\000y\000s\000t\000e\000m\000s\000\040\000a\000n\000d\000\040\000D\000i\000g\000i\000t\000a\000l\000\040\000T\000w\000i\000n\000s\000\040\000f\000o\000r\000\040\000P\000r\000o\000c\000e\000s\000s\000\040\000O\000p\000t\000i\000m\000i\000z\000a\000t\000i\000o\000n}{section.1}% 11
\BOOKMARK [2][-]{subsection.1.9}{\376\377\0001\000.\0009\000\040\000A\000I\000\040\000i\000n\000\040\000I\000n\000d\000u\000s\000t\000r\000i\000a\000l\000\040\000A\000s\000s\000e\000m\000b\000l\000y\000\040\000a\000n\000d\000\040\000D\000i\000s\000a\000s\000s\000e\000m\000b\000l\000y}{section.1}% 12
\BOOKMARK [1][-]{section.2}{\376\377\0002\000\040\000C\000y\000b\000e\000r\000-\000P\000h\000y\000s\000i\000c\000a\000l\000\040\000S\000y\000s\000t\000e\000m\000s\000\040\000\050\000C\000P\000S\000\051\000,\000\040\000E\000d\000g\000e\000\040\000C\000o\000m\000p\000u\000t\000i\000n\000g\000,\000\040\000a\000n\000d\000\040\000S\000e\000c\000u\000r\000i\000t\000y}{}% 13
\BOOKMARK [2][-]{subsection.2.1}{\376\377\0002\000.\0001\000\040\000I\000n\000t\000e\000g\000r\000a\000t\000i\000o\000n\000\040\000o\000f\000\040\000C\000P\000S\000\040\000w\000i\000t\000h\000\040\000D\000i\000g\000i\000t\000a\000l\000\040\000T\000w\000i\000n\000s}{section.2}% 14
\BOOKMARK [2][-]{subsection.2.2}{\376\377\0002\000.\0002\000\040\000H\000y\000b\000r\000i\000d\000\040\000E\000d\000g\000e\000-\000C\000l\000o\000u\000d\000\040\000A\000I\000\040\000M\000o\000d\000e\000l\000s}{section.2}% 15
\BOOKMARK [2][-]{subsection.2.3}{\376\377\0002\000.\0003\000\040\000F\000e\000d\000e\000r\000a\000t\000e\000d\000\040\000L\000e\000a\000r\000n\000i\000n\000g\000\040\000f\000o\000r\000\040\000I\000n\000d\000u\000s\000t\000r\000i\000a\000l\000\040\000A\000I}{section.2}% 16
\BOOKMARK [2][-]{subsection.2.4}{\376\377\0002\000.\0004\000\040\000C\000y\000b\000e\000r\000s\000e\000c\000u\000r\000i\000t\000y\000\040\000C\000h\000a\000l\000l\000e\000n\000g\000e\000s\000\040\000a\000n\000d\000\040\000S\000o\000l\000u\000t\000i\000o\000n\000s}{section.2}% 17
\BOOKMARK [2][-]{subsection.2.5}{\376\377\0002\000.\0005\000\040\000P\000r\000e\000d\000i\000c\000t\000i\000v\000e\000\040\000M\000a\000i\000n\000t\000e\000n\000a\000n\000c\000e\000,\000\040\000Q\000u\000a\000l\000i\000t\000y\000\040\000C\000o\000n\000t\000r\000o\000l\000,\000\040\000a\000n\000d\000\040\000P\000r\000o\000c\000e\000s\000s\000\040\000O\000p\000t\000i\000m\000i\000z\000a\000t\000i\000o\000n}{section.2}% 18
\BOOKMARK [1][-]{section.3}{\376\377\0003\000\040\000O\000r\000g\000a\000n\000i\000z\000a\000t\000i\000o\000n\000a\000l\000,\000\040\000W\000o\000r\000k\000f\000o\000r\000c\000e\000,\000\040\000a\000n\000d\000\040\000S\000o\000c\000i\000e\000t\000a\000l\000\040\000D\000i\000m\000e\000n\000s\000i\000o\000n\000s\000\040\000o\000f\000\040\000A\000I\000\040\000i\000n\000\040\000M\000a\000n\000u\000f\000a\000c\000t\000u\000r\000i\000n\000g}{}% 19
\BOOKMARK [2][-]{subsection.3.1}{\376\377\0003\000.\0001\000\040\000H\000u\000m\000a\000n\000-\000C\000e\000n\000t\000r\000i\000c\000\040\000I\000n\000d\000u\000s\000t\000r\000y\000\040\0005\000.\0000\000\040\000P\000a\000r\000a\000d\000i\000g\000m}{section.3}% 20
\BOOKMARK [2][-]{subsection.3.2}{\376\377\0003\000.\0002\000\040\000O\000r\000g\000a\000n\000i\000z\000a\000t\000i\000o\000n\000a\000l\000\040\000R\000e\000a\000d\000i\000n\000e\000s\000s\000,\000\040\000C\000h\000a\000n\000g\000e\000\040\000M\000a\000n\000a\000g\000e\000m\000e\000n\000t\000,\000\040\000a\000n\000d\000\040\000C\000u\000l\000t\000u\000r\000a\000l\000\040\000F\000a\000c\000t\000o\000r\000s}{section.3}% 21
\BOOKMARK [2][-]{subsection.3.3}{\376\377\0003\000.\0003\000\040\000T\000r\000a\000n\000s\000f\000o\000r\000m\000a\000t\000i\000o\000n\000\040\000o\000f\000\040\000W\000o\000r\000k\000\040\000P\000r\000a\000c\000t\000i\000c\000e\000s\000\040\000a\000n\000d\000\040\000E\000c\000o\000n\000o\000m\000i\000c\000\040\000I\000m\000p\000a\000c\000t\000s}{section.3}% 22
\BOOKMARK [1][-]{section.4}{\376\377\0004\000\040\000E\000t\000h\000i\000c\000a\000l\000,\000\040\000S\000o\000c\000i\000a\000l\000\040\000R\000e\000s\000p\000o\000n\000s\000i\000b\000i\000l\000i\000t\000y\000,\000\040\000a\000n\000d\000\040\000G\000o\000v\000e\000r\000n\000a\000n\000c\000e\000\040\000A\000s\000p\000e\000c\000t\000s}{}% 23
\BOOKMARK [2][-]{subsection.4.1}{\376\377\0004\000.\0001\000\040\000E\000t\000h\000i\000c\000a\000l\000\040\000A\000t\000t\000i\000t\000u\000d\000e\000s\000\040\000a\000n\000d\000\040\000T\000r\000u\000s\000t\000\040\000i\000n\000\040\000A\000I}{section.4}% 24
\BOOKMARK [2][-]{subsection.4.2}{\376\377\0004\000.\0002\000\040\000S\000o\000c\000i\000a\000l\000l\000y\000\040\000R\000e\000s\000p\000o\000n\000s\000i\000b\000l\000e\000\040\000A\000I\000\040\000F\000r\000a\000m\000e\000w\000o\000r\000k\000s\000\040\000a\000n\000d\000\040\000C\000h\000a\000l\000l\000e\000n\000g\000e\000s}{section.4}% 25
\BOOKMARK [2][-]{subsection.4.3}{\376\377\0004\000.\0003\000\040\000C\000r\000o\000s\000s\000-\000C\000u\000t\000t\000i\000n\000g\000\040\000E\000t\000h\000i\000c\000a\000l\000\040\000I\000s\000s\000u\000e\000s}{section.4}% 26
\BOOKMARK [1][-]{section.5}{\376\377\0005\000\040\000C\000h\000a\000l\000l\000e\000n\000g\000e\000s\000,\000\040\000L\000i\000m\000i\000t\000a\000t\000i\000o\000n\000s\000,\000\040\000a\000n\000d\000\040\000B\000a\000r\000r\000i\000e\000r\000s\000\040\000i\000n\000\040\000I\000n\000d\000u\000s\000t\000r\000i\000a\000l\000\040\000A\000I\000\040\000D\000e\000p\000l\000o\000y\000m\000e\000n\000t}{}% 27
\BOOKMARK [2][-]{subsection.5.1}{\376\377\0005\000.\0001\000\040\000T\000e\000c\000h\000n\000i\000c\000a\000l\000\040\000C\000h\000a\000l\000l\000e\000n\000g\000e\000s}{section.5}% 28
\BOOKMARK [2][-]{subsection.5.2}{\376\377\0005\000.\0002\000\040\000O\000r\000g\000a\000n\000i\000z\000a\000t\000i\000o\000n\000a\000l\000\040\000L\000i\000m\000i\000t\000a\000t\000i\000o\000n\000s}{section.5}% 29
\BOOKMARK [2][-]{subsection.5.3}{\376\377\0005\000.\0003\000\040\000E\000t\000h\000i\000c\000a\000l\000\040\000a\000n\000d\000\040\000R\000e\000g\000u\000l\000a\000t\000o\000r\000y\000\040\000B\000a\000r\000r\000i\000e\000r\000s}{section.5}% 30
\BOOKMARK [2][-]{subsection.5.4}{\376\377\0005\000.\0004\000\040\000I\000n\000t\000e\000r\000c\000o\000n\000n\000e\000c\000t\000i\000o\000n\000s\000\040\000a\000n\000d\000\040\000H\000o\000l\000i\000s\000t\000i\000c\000\040\000A\000p\000p\000r\000o\000a\000c\000h\000e\000s}{section.5}% 31
\BOOKMARK [2][-]{subsection.5.5}{\376\377\0005\000.\0005\000\040\000B\000e\000s\000t\000\040\000P\000r\000a\000c\000t\000i\000c\000e\000s\000\040\000a\000n\000d\000\040\000F\000u\000t\000u\000r\000e\000\040\000D\000i\000r\000e\000c\000t\000i\000o\000n\000s}{section.5}% 32
\BOOKMARK [2][-]{subsection.5.6}{\376\377\0005\000.\0006\000\040\000D\000a\000t\000a\000\040\000a\000n\000d\000\040\000I\000n\000t\000e\000g\000r\000a\000t\000i\000o\000n\000\040\000C\000h\000a\000l\000l\000e\000n\000g\000e\000s}{section.5}% 33
\BOOKMARK [2][-]{subsection.5.7}{\376\377\0005\000.\0007\000\040\000C\000o\000m\000p\000u\000t\000a\000t\000i\000o\000n\000a\000l\000\040\000a\000n\000d\000\040\000M\000o\000d\000e\000l\000\040\000I\000n\000t\000e\000r\000p\000r\000e\000t\000a\000b\000i\000l\000i\000t\000y\000\040\000C\000o\000n\000s\000t\000r\000a\000i\000n\000t\000s}{section.5}% 34
\BOOKMARK [2][-]{subsection.5.8}{\376\377\0005\000.\0008\000\040\000S\000e\000c\000u\000r\000i\000t\000y\000\040\000a\000n\000d\000\040\000P\000r\000i\000v\000a\000c\000y\000\040\000C\000o\000n\000c\000e\000r\000n\000s}{section.5}% 35
\BOOKMARK [2][-]{subsection.5.9}{\376\377\0005\000.\0009\000\040\000S\000c\000a\000l\000a\000b\000i\000l\000i\000t\000y\000,\000\040\000R\000o\000b\000u\000s\000t\000n\000e\000s\000s\000,\000\040\000a\000n\000d\000\040\000R\000e\000l\000i\000a\000b\000i\000l\000i\000t\000y\000\040\000I\000s\000s\000u\000e\000s}{section.5}% 36
\BOOKMARK [2][-]{subsection.5.10}{\376\377\0005\000.\0001\0000\000\040\000O\000r\000g\000a\000n\000i\000z\000a\000t\000i\000o\000n\000a\000l\000\040\000C\000o\000n\000s\000t\000r\000a\000i\000n\000t\000s}{section.5}% 37
\BOOKMARK [2][-]{subsection.5.11}{\376\377\0005\000.\0001\0001\000\040\000C\000o\000s\000t\000\040\000a\000n\000d\000\040\000C\000o\000m\000p\000l\000e\000x\000i\000t\000y\000\040\000o\000f\000\040\000A\000I\000\040\000S\000y\000s\000t\000e\000m\000\040\000I\000n\000t\000e\000g\000r\000a\000t\000i\000o\000n\000\040\000a\000n\000d\000\040\000M\000a\000i\000n\000t\000e\000n\000a\000n\000c\000e}{section.5}% 38
\BOOKMARK [1][-]{section.6}{\376\377\0006\000\040\000F\000u\000t\000u\000r\000e\000\040\000D\000i\000r\000e\000c\000t\000i\000o\000n\000s\000\040\000a\000n\000d\000\040\000E\000m\000e\000r\000g\000i\000n\000g\000\040\000T\000r\000e\000n\000d\000s}{}% 39
\BOOKMARK [1][-]{section*.11}{\376\377\000R\000e\000f\000e\000r\000e\000n\000c\000e\000s}{}% 40
\BOOKMARK [1][-]{section.7}{\376\377\0007\000\040\000S\000y\000n\000t\000h\000e\000s\000i\000s\000,\000\040\000D\000i\000s\000c\000u\000s\000s\000i\000o\000n\000,\000\040\000a\000n\000d\000\040\000I\000n\000t\000e\000g\000r\000a\000t\000i\000o\000n}{}% 41
\BOOKMARK [2][-]{subsection.7.1}{\376\377\0007\000.\0001\000\040\000G\000o\000a\000l\000s\000\040\000a\000n\000d\000\040\000O\000b\000j\000e\000c\000t\000i\000v\000e\000s}{section.7}% 42
\BOOKMARK [2][-]{subsection.7.2}{\376\377\0007\000.\0002\000\040\000C\000o\000m\000p\000a\000r\000a\000t\000i\000v\000e\000\040\000A\000n\000a\000l\000y\000s\000i\000s\000\040\000o\000f\000\040\000T\000e\000c\000h\000n\000o\000l\000o\000g\000i\000e\000s}{section.7}% 43
\BOOKMARK [2][-]{subsection.7.3}{\376\377\0007\000.\0003\000\040\000C\000h\000a\000l\000l\000e\000n\000g\000e\000s\000\040\000a\000n\000d\000\040\000T\000h\000e\000i\000r\000\040\000I\000n\000t\000e\000r\000r\000e\000l\000a\000t\000i\000o\000n\000s}{section.7}% 44
\BOOKMARK [2][-]{subsection.7.4}{\376\377\0007\000.\0004\000\040\000F\000u\000t\000u\000r\000e\000\040\000D\000i\000r\000e\000c\000t\000i\000o\000n\000s\000\040\000a\000n\000d\000\040\000O\000p\000e\000n\000\040\000I\000s\000s\000u\000e\000s}{section.7}% 45
\BOOKMARK [2][-]{subsection.7.5}{\376\377\0007\000.\0005\000\040\000S\000e\000c\000t\000i\000o\000n\000\040\000S\000u\000m\000m\000a\000r\000y}{section.7}% 46
\BOOKMARK [2][-]{subsection.7.6}{\376\377\0007\000.\0006\000\040\000S\000y\000n\000e\000r\000g\000i\000e\000s\000\040\000A\000m\000o\000n\000g\000\040\000T\000e\000c\000h\000n\000o\000l\000o\000g\000i\000e\000s\000\040\000a\000n\000d\000\040\000P\000a\000r\000a\000d\000i\000g\000m\000s}{section.7}% 47
\BOOKMARK [2][-]{subsection.7.7}{\376\377\0007\000.\0007\000\040\000M\000u\000l\000t\000i\000d\000i\000s\000c\000i\000p\000l\000i\000n\000a\000r\000y\000\040\000C\000h\000a\000l\000l\000e\000n\000g\000e\000s}{section.7}% 48
\BOOKMARK [2][-]{subsection.7.8}{\376\377\0007\000.\0008\000\040\000C\000r\000o\000s\000s\000-\000S\000e\000c\000t\000o\000r\000\040\000C\000o\000l\000l\000a\000b\000o\000r\000a\000t\000i\000o\000n\000\040\000a\000n\000d\000\040\000O\000r\000g\000a\000n\000i\000z\000a\000t\000i\000o\000n\000a\000l\000\040\000C\000u\000l\000t\000u\000r\000e}{section.7}% 49
\BOOKMARK [2][-]{subsection.7.9}{\376\377\0007\000.\0009\000\040\000S\000u\000s\000t\000a\000i\000n\000a\000b\000i\000l\000i\000t\000y\000\040\000a\000n\000d\000\040\000A\000I\000-\000D\000r\000i\000v\000e\000n\000\040\000I\000n\000n\000o\000v\000a\000t\000i\000o\000n\000\040\000I\000n\000t\000e\000r\000l\000i\000n\000k\000a\000g\000e\000s}{section.7}% 50
\BOOKMARK [1][-]{section.8}{\376\377\0008\000\040\000C\000o\000n\000c\000l\000u\000s\000i\000o\000n\000s}{}% 51
\BOOKMARK [2][-]{subsection.8.1}{\376\377\0008\000.\0001\000\040\000K\000e\000y\000\040\000C\000o\000n\000t\000r\000i\000b\000u\000t\000i\000o\000n\000s}{section.8}% 52
\BOOKMARK [2][-]{subsection.8.2}{\376\377\0008\000.\0002\000\040\000R\000e\000s\000e\000a\000r\000c\000h\000\040\000G\000a\000p\000s\000\040\000a\000n\000d\000\040\000F\000u\000t\000u\000r\000e\000\040\000D\000i\000r\000e\000c\000t\000i\000o\000n\000s}{section.8}% 53
\BOOKMARK [2][-]{subsection.8.3}{\376\377\0008\000.\0003\000\040\000S\000u\000m\000m\000a\000r\000y\000\040\000o\000f\000\040\000C\000o\000n\000t\000r\000i\000b\000u\000t\000i\000o\000n\000s\000\040\000a\000n\000d\000\040\000R\000e\000s\000e\000a\000r\000c\000h\000\040\000G\000a\000p\000s}{section.8}% 54
\BOOKMARK [1][-]{section*.16}{\376\377\000R\000e\000f\000e\000r\000e\000n\000c\000e\000s}{}% 55
\BOOKMARK [1][-]{section*.18}{\376\377\000R\000e\000f\000e\000r\000e\000n\000c\000e\000s}{}% 56
