This is pdfTeX, Version 3.141592653-2.6-1.40.27 (TeX Live 2025) (preloaded format=pdflatex 2025.4.26)  2 JUL 2025 11:24
entering extended mode
 restricted \write18 enabled.
 %&-line parsing enabled.
**final_paper_round4.tex
(./final_paper_round4.tex
LaTeX2e <2024-11-01> patch level 2
L3 programming layer <2025-03-26>
(/scrfs/storage/zwang/home/texlive/2025/texmf-dist/tex/latex/acmart/acmart.cls
Document Class: acmart 2024/12/28 v2.12 Typesetting articles for the Associatio
n for Computing Machinery

(/scrfs/storage/zwang/home/texlive/2025/texmf-dist/tex/latex/xkeyval/xkeyval.st
y
Package: xkeyval 2022/06/16 v2.9 package option processing (HA)

(/scrfs/storage/zwang/home/texlive/2025/texmf-dist/tex/generic/xkeyval/xkeyval.
tex
(/scrfs/storage/zwang/home/texlive/2025/texmf-dist/tex/generic/xkeyval/xkvutils
.tex
\XKV@toks=\toks17
\XKV@tempa@toks=\toks18

(/scrfs/storage/zwang/home/texlive/2025/texmf-dist/tex/generic/xkeyval/keyval.t
ex))
\XKV@depth=\count197
File: xkeyval.tex 2014/12/03 v2.7a key=value parser (HA)
))
(/scrfs/storage/zwang/home/texlive/2025/texmf-dist/tex/generic/xstring/xstring.
sty
(/scrfs/storage/zwang/home/texlive/2025/texmf-dist/tex/generic/xstring/xstring.
tex
\xs_counta=\count198
\xs_countb=\count199
)
Package: xstring 2023/08/22 v1.86 String manipulations (CT)
)
(/scrfs/storage/zwang/home/texlive/2025/texmf-dist/tex/generic/iftex/iftex.sty
Package: iftex 2024/12/12 v1.0g TeX engine tests
)
Package acmart Info: Not using screen mode on input line 76.
Package acmart Info: Using breaking urls on hyphens on input line 84.
Package acmart Info: Requiring acmthm on input line 92.
Package acmart Info: Not using review mode on input line 101.
Package acmart Info: Not using authorversion mode on input line 109.
Package acmart Info: Not using nonacm mode on input line 121.
Package acmart Info: Explicitly selecting natbib mode on input line 137.
Package acmart Info: Not using anonymous mode on input line 145.
Package acmart Info: Not using timestamp mode on input line 153.
Package acmart Info: Not using authordraft mode on input line 163.
Class acmart Info: Using format sigconf, number 4 on input line 178.
Class acmart Info: Using fontsize 9pt on input line 280.
(/scrfs/storage/zwang/home/texlive/2025/texmf-dist/tex/latex/amscls/amsart.cls
Document Class: amsart 2020/05/29 v2.20.6
\linespacing=\dimen146
\normalparindent=\dimen147
\normaltopskip=\skip49

(/scrfs/storage/zwang/home/texlive/2025/texmf-dist/tex/latex/amsmath/amsmath.st
y
Package: amsmath 2024/11/05 v2.17t AMS math features
\@mathmargin=\skip50

For additional information on amsmath, use the `?' option.

(/scrfs/storage/zwang/home/texlive/2025/texmf-dist/tex/latex/amsmath/amstext.st
y
Package: amstext 2021/08/26 v2.01 AMS text

(/scrfs/storage/zwang/home/texlive/2025/texmf-dist/tex/latex/amsmath/amsgen.sty
File: amsgen.sty 1999/11/30 v2.0 generic functions
\@emptytoks=\toks19
\ex@=\dimen148
))
(/scrfs/storage/zwang/home/texlive/2025/texmf-dist/tex/latex/amsmath/amsbsy.sty
Package: amsbsy 1999/11/29 v1.2d Bold Symbols
\pmbraise@=\dimen149
)
(/scrfs/storage/zwang/home/texlive/2025/texmf-dist/tex/latex/amsmath/amsopn.sty
Package: amsopn 2022/04/08 v2.04 operator names
)
\inf@bad=\count266
LaTeX Info: Redefining \frac on input line 233.
\uproot@=\count267
\leftroot@=\count268
LaTeX Info: Redefining \overline on input line 398.
LaTeX Info: Redefining \colon on input line 409.
\classnum@=\count269
\DOTSCASE@=\count270
LaTeX Info: Redefining \ldots on input line 495.
LaTeX Info: Redefining \dots on input line 498.
LaTeX Info: Redefining \cdots on input line 619.
\Mathstrutbox@=\box53
\strutbox@=\box54
LaTeX Info: Redefining \big on input line 721.
LaTeX Info: Redefining \Big on input line 722.
LaTeX Info: Redefining \bigg on input line 723.
LaTeX Info: Redefining \Bigg on input line 724.
\big@size=\dimen150
LaTeX Font Info:    Redeclaring font encoding OML on input line 742.
LaTeX Font Info:    Redeclaring font encoding OMS on input line 743.
\macc@depth=\count271
LaTeX Info: Redefining \bmod on input line 904.
LaTeX Info: Redefining \pmod on input line 909.
LaTeX Info: Redefining \smash on input line 939.
LaTeX Info: Redefining \relbar on input line 969.
LaTeX Info: Redefining \Relbar on input line 970.
\c@MaxMatrixCols=\count272
\dotsspace@=\muskip17
\c@parentequation=\count273
\dspbrk@lvl=\count274
\tag@help=\toks20
\row@=\count275
\column@=\count276
\maxfields@=\count277
\andhelp@=\toks21
\eqnshift@=\dimen151
\alignsep@=\dimen152
\tagshift@=\dimen153
\tagwidth@=\dimen154
\totwidth@=\dimen155
\lineht@=\dimen156
\@envbody=\toks22
\multlinegap=\skip51
\multlinetaggap=\skip52
\mathdisplay@stack=\toks23
LaTeX Info: Redefining \[ on input line 2953.
LaTeX Info: Redefining \] on input line 2954.
)
LaTeX Font Info:    Trying to load font information for U+msa on input line 397
.

(/scrfs/storage/zwang/home/texlive/2025/texmf-dist/tex/latex/amsfonts/umsa.fd
File: umsa.fd 2013/01/14 v3.01 AMS symbols A
)
(/scrfs/storage/zwang/home/texlive/2025/texmf-dist/tex/latex/amsfonts/amsfonts.
sty
Package: amsfonts 2013/01/14 v3.01 Basic AMSFonts support
\symAMSa=\mathgroup4
\symAMSb=\mathgroup5
LaTeX Font Info:    Redeclaring math symbol \hbar on input line 98.
LaTeX Font Info:    Overwriting math alphabet `\mathfrak' in version `bold'
(Font)                  U/euf/m/n --> U/euf/b/n on input line 106.
)
\copyins=\insert252
\abstractbox=\box55
\listisep=\skip53
\c@part=\count278
\c@section=\count279
\c@subsection=\count280
\c@subsubsection=\count281
\c@paragraph=\count282
\c@subparagraph=\count283
\c@figure=\count284
\c@table=\count285
\abovecaptionskip=\skip54
\belowcaptionskip=\skip55
\captionindent=\dimen157
\thm@style=\toks24
\thm@bodyfont=\toks25
\thm@headfont=\toks26
\thm@notefont=\toks27
\thm@headpunct=\toks28
\thm@preskip=\skip56
\thm@postskip=\skip57
\thm@headsep=\skip58
\dth@everypar=\toks29
)
(/scrfs/storage/zwang/home/texlive/2025/texmf-dist/tex/latex/microtype/microtyp
e.sty
Package: microtype 2025/02/11 v3.2a Micro-typographical refinements (RS)

(/scrfs/storage/zwang/home/texlive/2025/texmf-dist/tex/latex/etoolbox/etoolbox.
sty
Package: etoolbox 2025/02/11 v2.5l e-TeX tools for LaTeX (JAW)
\etb@tempcnta=\count286
)
\MT@toks=\toks30
\MT@tempbox=\box56
\MT@count=\count287
LaTeX Info: Redefining \noprotrusionifhmode on input line 1087.
LaTeX Info: Redefining \leftprotrusion on input line 1088.
\MT@prot@toks=\toks31
LaTeX Info: Redefining \rightprotrusion on input line 1107.
LaTeX Info: Redefining \textls on input line 1449.
\MT@outer@kern=\dimen158
LaTeX Info: Redefining \microtypecontext on input line 2053.
LaTeX Info: Redefining \textmicrotypecontext on input line 2070.
\MT@listname@count=\count288

(/scrfs/storage/zwang/home/texlive/2025/texmf-dist/tex/latex/microtype/microtyp
e-pdftex.def
File: microtype-pdftex.def 2025/02/11 v3.2a Definitions specific to pdftex (RS)

LaTeX Info: Redefining \lsstyle on input line 944.
LaTeX Info: Redefining \lslig on input line 944.
\MT@outer@space=\skip59
)
Package microtype Info: Loading configuration file microtype.cfg.

(/scrfs/storage/zwang/home/texlive/2025/texmf-dist/tex/latex/microtype/microtyp
e.cfg
File: microtype.cfg 2025/02/11 v3.2a microtype main configuration file (RS)
)
LaTeX Info: Redefining \microtypesetup on input line 3065.
)
(/scrfs/storage/zwang/home/texlive/2025/texmf-dist/tex/latex/booktabs/booktabs.
sty
Package: booktabs 2020/01/12 v1.61803398 Publication quality tables
\heavyrulewidth=\dimen159
\lightrulewidth=\dimen160
\cmidrulewidth=\dimen161
\belowrulesep=\dimen162
\belowbottomsep=\dimen163
\aboverulesep=\dimen164
\abovetopsep=\dimen165
\cmidrulesep=\dimen166
\cmidrulekern=\dimen167
\defaultaddspace=\dimen168
\@cmidla=\count289
\@cmidlb=\count290
\@aboverulesep=\dimen169
\@belowrulesep=\dimen170
\@thisruleclass=\count291
\@lastruleclass=\count292
\@thisrulewidth=\dimen171
)
(/scrfs/storage/zwang/home/texlive/2025/texmf-dist/tex/latex/refcount/refcount.
sty
Package: refcount 2019/12/15 v3.6 Data extraction from label references (HO)

(/scrfs/storage/zwang/home/texlive/2025/texmf-dist/tex/generic/ltxcmds/ltxcmds.
sty
Package: ltxcmds 2023-12-04 v1.26 LaTeX kernel commands for general use (HO)
)
(/scrfs/storage/zwang/home/texlive/2025/texmf-dist/tex/generic/infwarerr/infwar
err.sty
Package: infwarerr 2019/12/03 v1.5 Providing info/warning/error messages (HO)
))
(/scrfs/storage/zwang/home/texlive/2025/texmf-dist/tex/latex/totpages/totpages.
sty
Package: totpages 2005/09/19 v2.00 Totpages Package (muewi)

(/scrfs/storage/zwang/home/texlive/2025/texmf-dist/tex/latex/everyshi/everyshi.
sty
Package: everyshi 2020/11/18 v4.00 EveryShipout Package
))
(/scrfs/storage/zwang/home/texlive/2025/texmf-dist/tex/latex/environ/environ.st
y
Package: environ 2014/05/04 v0.3 A new way to define environments

(/scrfs/storage/zwang/home/texlive/2025/texmf-dist/tex/latex/trimspaces/trimspa
ces.sty
Package: trimspaces 2009/09/17 v1.1 Trim spaces around a token list
))
\@ACM@acmcp@delta=\dimen172

(/scrfs/storage/zwang/home/texlive/2025/texmf-dist/tex/latex/natbib/natbib.sty
Package: natbib 2010/09/13 8.31b (PWD, AO)
\bibhang=\skip60
\bibsep=\skip61
LaTeX Info: Redefining \cite on input line 694.
\c@NAT@ctr=\count293
)
(/scrfs/storage/zwang/home/texlive/2025/texmf-dist/tex/latex/hyperref/hyperref.
sty
Package: hyperref 2024-11-05 v7.01l Hypertext links for LaTeX

(/scrfs/storage/zwang/home/texlive/2025/texmf-dist/tex/latex/kvsetkeys/kvsetkey
s.sty
Package: kvsetkeys 2022-10-05 v1.19 Key value parser (HO)
)
(/scrfs/storage/zwang/home/texlive/2025/texmf-dist/tex/generic/kvdefinekeys/kvd
efinekeys.sty
Package: kvdefinekeys 2019-12-19 v1.6 Define keys (HO)
)
(/scrfs/storage/zwang/home/texlive/2025/texmf-dist/tex/generic/pdfescape/pdfesc
ape.sty
Package: pdfescape 2019/12/09 v1.15 Implements pdfTeX's escape features (HO)

(/scrfs/storage/zwang/home/texlive/2025/texmf-dist/tex/generic/pdftexcmds/pdfte
xcmds.sty
Package: pdftexcmds 2020-06-27 v0.33 Utility functions of pdfTeX for LuaTeX (HO
)
Package pdftexcmds Info: \pdf@primitive is available.
Package pdftexcmds Info: \pdf@ifprimitive is available.
Package pdftexcmds Info: \pdfdraftmode found.
))
(/scrfs/storage/zwang/home/texlive/2025/texmf-dist/tex/latex/hycolor/hycolor.st
y
Package: hycolor 2020-01-27 v1.10 Color options for hyperref/bookmark (HO)
)
(/scrfs/storage/zwang/home/texlive/2025/texmf-dist/tex/latex/hyperref/nameref.s
ty
Package: nameref 2023-11-26 v2.56 Cross-referencing by name of section

(/scrfs/storage/zwang/home/texlive/2025/texmf-dist/tex/generic/gettitlestring/g
ettitlestring.sty
Package: gettitlestring 2019/12/15 v1.6 Cleanup title references (HO)

(/scrfs/storage/zwang/home/texlive/2025/texmf-dist/tex/latex/kvoptions/kvoption
s.sty
Package: kvoptions 2022-06-15 v3.15 Key value format for package options (HO)
))
\c@section@level=\count294
)
(/scrfs/storage/zwang/home/texlive/2025/texmf-dist/tex/generic/stringenc/string
enc.sty
Package: stringenc 2019/11/29 v1.12 Convert strings between diff. encodings (HO
)
)
\@linkdim=\dimen173
\Hy@linkcounter=\count295
\Hy@pagecounter=\count296

(/scrfs/storage/zwang/home/texlive/2025/texmf-dist/tex/latex/hyperref/pd1enc.de
f
File: pd1enc.def 2024-11-05 v7.01l Hyperref: PDFDocEncoding definition (HO)
Now handling font encoding PD1 ...
... no UTF-8 mapping file for font encoding PD1
)
(/scrfs/storage/zwang/home/texlive/2025/texmf-dist/tex/generic/intcalc/intcalc.
sty
Package: intcalc 2019/12/15 v1.3 Expandable calculations with integers (HO)
)
\Hy@SavedSpaceFactor=\count297

(/scrfs/storage/zwang/home/texlive/2025/texmf-dist/tex/latex/hyperref/puenc.def
File: puenc.def 2024-11-05 v7.01l Hyperref: PDF Unicode definition (HO)
Now handling font encoding PU ...
... no UTF-8 mapping file for font encoding PU
)
Package hyperref Info: Option `bookmarksnumbered' set `true' on input line 4040
.
Package hyperref Info: Option `unicode' set `true' on input line 4040.
Package hyperref Info: Hyper figures OFF on input line 4157.
Package hyperref Info: Link nesting OFF on input line 4162.
Package hyperref Info: Hyper index ON on input line 4165.
Package hyperref Info: Plain pages OFF on input line 4172.
Package hyperref Info: Backreferencing OFF on input line 4177.
Package hyperref Info: Implicit mode ON; LaTeX internals redefined.
Package hyperref Info: Bookmarks ON on input line 4424.
\c@Hy@tempcnt=\count298
 (/scrfs/storage/zwang/home/texlive/2025/texmf-dist/tex/latex/url/url.sty
\Urlmuskip=\muskip18
Package: url 2013/09/16  ver 3.4  Verb mode for urls, etc.
)
LaTeX Info: Redefining \url on input line 4763.
\XeTeXLinkMargin=\dimen174

(/scrfs/storage/zwang/home/texlive/2025/texmf-dist/tex/generic/bitset/bitset.st
y
Package: bitset 2019/12/09 v1.3 Handle bit-vector datatype (HO)

(/scrfs/storage/zwang/home/texlive/2025/texmf-dist/tex/generic/bigintcalc/bigin
tcalc.sty
Package: bigintcalc 2019/12/15 v1.5 Expandable calculations on big integers (HO
)
))
\Fld@menulength=\count299
\Field@Width=\dimen175
\Fld@charsize=\dimen176
Package hyperref Info: Hyper figures OFF on input line 6042.
Package hyperref Info: Link nesting OFF on input line 6047.
Package hyperref Info: Hyper index ON on input line 6050.
Package hyperref Info: backreferencing OFF on input line 6057.
Package hyperref Info: Link coloring OFF on input line 6062.
Package hyperref Info: Link coloring with OCG OFF on input line 6067.
Package hyperref Info: PDF/A mode OFF on input line 6072.

(/scrfs/storage/zwang/home/texlive/2025/texmf-dist/tex/latex/base/atbegshi-ltx.
sty
Package: atbegshi-ltx 2021/01/10 v1.0c Emulation of the original atbegshi
package with kernel methods
)
\Hy@abspage=\count300
\c@Item=\count301
\c@Hfootnote=\count302
)
Package hyperref Info: Driver (autodetected): hpdftex.

(/scrfs/storage/zwang/home/texlive/2025/texmf-dist/tex/latex/hyperref/hpdftex.d
ef
File: hpdftex.def 2024-11-05 v7.01l Hyperref driver for pdfTeX

(/scrfs/storage/zwang/home/texlive/2025/texmf-dist/tex/latex/base/atveryend-ltx
.sty
Package: atveryend-ltx 2020/08/19 v1.0a Emulation of the original atveryend pac
kage
with kernel methods
)
\Fld@listcount=\count303
\c@bookmark@seq@number=\count304

(/scrfs/storage/zwang/home/texlive/2025/texmf-dist/tex/latex/rerunfilecheck/rer
unfilecheck.sty
Package: rerunfilecheck 2022-07-10 v1.10 Rerun checks for auxiliary files (HO)

(/scrfs/storage/zwang/home/texlive/2025/texmf-dist/tex/generic/uniquecounter/un
iquecounter.sty
Package: uniquecounter 2019/12/15 v1.4 Provide unlimited unique counter (HO)
)
Package uniquecounter Info: New unique counter `rerunfilecheck' on input line 2
85.
)
\Hy@SectionHShift=\skip62
)
(/scrfs/storage/zwang/home/texlive/2025/texmf-dist/tex/latex/hyperxmp/hyperxmp.
sty
Package: hyperxmp 2024/03/17 v5.13 Store hyperref metadata in XMP format
\hyxmp@aep@toks=\toks32

(/scrfs/storage/zwang/home/texlive/2025/texmf-dist/tex/latex/ifmtarg/ifmtarg.st
y
Package: ifmtarg 2018/04/16 v1.2b check for an empty argument
) (/scrfs/storage/zwang/home/texlive/2025/texmf-dist/tex/latex/base/ifthen.sty
Package: ifthen 2024/03/16 v1.1e Standard LaTeX ifthen package (DPC)
)
\@hyxmp@count=\count305

(/scrfs/storage/zwang/home/texlive/2025/texmf-dist/tex/latex/oberdiek/ifdraft.s
ty
Package: ifdraft 2016/05/16 v1.4 Detect class options draft and final (HO)
)
(/scrfs/storage/zwang/home/texlive/2025/texmf-dist/tex/generic/iftex/ifluatex.s
ty
Package: ifluatex 2019/10/25 v1.5 ifluatex legacy package. Use iftex instead.
))
(/scrfs/storage/zwang/home/texlive/2025/texmf-dist/tex/latex/graphics/graphicx.
sty
Package: graphicx 2021/09/16 v1.2d Enhanced LaTeX Graphics (DPC,SPQR)

(/scrfs/storage/zwang/home/texlive/2025/texmf-dist/tex/latex/graphics/graphics.
sty
Package: graphics 2024/08/06 v1.4g Standard LaTeX Graphics (DPC,SPQR)

(/scrfs/storage/zwang/home/texlive/2025/texmf-dist/tex/latex/graphics/trig.sty
Package: trig 2023/12/02 v1.11 sin cos tan (DPC)
)
(/scrfs/storage/zwang/home/texlive/2025/texmf-dist/tex/latex/graphics-cfg/graph
ics.cfg
File: graphics.cfg 2016/06/04 v1.11 sample graphics configuration
)
Package graphics Info: Driver file: pdftex.def on input line 106.

(/scrfs/storage/zwang/home/texlive/2025/texmf-dist/tex/latex/graphics-def/pdfte
x.def
File: pdftex.def 2024/04/13 v1.2c Graphics/color driver for pdftex
))
\Gin@req@height=\dimen177
\Gin@req@width=\dimen178
)
(/scrfs/storage/zwang/home/texlive/2025/texmf-dist/tex/latex/xcolor/xcolor.sty
Package: xcolor 2024/09/29 v3.02 LaTeX color extensions (UK)

(/scrfs/storage/zwang/home/texlive/2025/texmf-dist/tex/latex/graphics-cfg/color
.cfg
File: color.cfg 2016/01/02 v1.6 sample color configuration
)
Package xcolor Info: Driver file: pdftex.def on input line 274.

(/scrfs/storage/zwang/home/texlive/2025/texmf-dist/tex/latex/graphics/mathcolor
.ltx)
Package xcolor Info: Model `cmy' substituted by `cmy0' on input line 1349.
Package xcolor Info: Model `hsb' substituted by `rgb' on input line 1353.
Package xcolor Info: Model `RGB' extended on input line 1365.
Package xcolor Info: Model `HTML' substituted by `rgb' on input line 1367.
Package xcolor Info: Model `Hsb' substituted by `hsb' on input line 1368.
Package xcolor Info: Model `tHsb' substituted by `hsb' on input line 1369.
Package xcolor Info: Model `HSB' substituted by `hsb' on input line 1370.
Package xcolor Info: Model `Gray' substituted by `gray' on input line 1371.
Package xcolor Info: Model `wave' substituted by `hsb' on input line 1372.
)
(/scrfs/storage/zwang/home/texlive/2025/texmf-dist/tex/latex/geometry/geometry.
sty
Package: geometry 2020/01/02 v5.9 Page Geometry

(/scrfs/storage/zwang/home/texlive/2025/texmf-dist/tex/generic/iftex/ifvtex.sty
Package: ifvtex 2019/10/25 v1.7 ifvtex legacy package. Use iftex instead.
)
\Gm@cnth=\count306
\Gm@cntv=\count307
\c@Gm@tempcnt=\count308
\Gm@bindingoffset=\dimen179
\Gm@wd@mp=\dimen180
\Gm@odd@mp=\dimen181
\Gm@even@mp=\dimen182
\Gm@layoutwidth=\dimen183
\Gm@layoutheight=\dimen184
\Gm@layouthoffset=\dimen185
\Gm@layoutvoffset=\dimen186
\Gm@dimlist=\toks33
)
(/scrfs/storage/zwang/home/texlive/2025/texmf-dist/tex/latex/ncctools/manyfoot.
sty
Package: manyfoot 2019/08/03 v1.11 Many Footnote Levels Package (NCC)

(/scrfs/storage/zwang/home/texlive/2025/texmf-dist/tex/latex/ncctools/nccfoots.
sty
Package: nccfoots 2005/02/03 v1.2 NCC Footnotes Package (NCC)
)
\MFL@columnwidth=\dimen187
)
\footinsauthorsaddresses=\insert251
\c@footnoteauthorsaddresses=\count309
\footinscopyrightpermission=\insert250
\c@footnotecopyrightpermission=\count310

(/scrfs/storage/zwang/home/texlive/2025/texmf-dist/tex/generic/pdftex/glyphtoun
icode.tex)
(/scrfs/storage/zwang/home/texlive/2025/texmf-dist/tex/latex/cmap/cmap.sty
Package: cmap 2021/02/06 v1.0j CMap support: searchable PDF
)
(/scrfs/storage/zwang/home/texlive/2025/texmf-dist/tex/latex/base/fontenc.sty
Package: fontenc 2021/04/29 v2.0v Standard LaTeX package
<<t1.cmap>>)
(/scrfs/storage/zwang/home/texlive/2025/texmf-dist/tex/latex/libertine/libertin
e.sty
Package: libertine 2024/04/23 (Bob Tennent) Supports Libertine and Biolinum fon
ts for all LaTeX engines.

(/scrfs/storage/zwang/home/texlive/2025/texmf-dist/tex/generic/iftex/ifxetex.st
y
Package: ifxetex 2019/10/25 v0.7 ifxetex legacy package. Use iftex instead.
)
(/scrfs/storage/zwang/home/texlive/2025/texmf-dist/tex/latex/base/textcomp.sty
Package: textcomp 2024/04/24 v2.1b Standard LaTeX package
) (/scrfs/storage/zwang/home/texlive/2025/texmf-dist/tex/latex/base/fontenc.sty
Package: fontenc 2021/04/29 v2.0v Standard LaTeX package
)
(/scrfs/storage/zwang/home/texlive/2025/texmf-dist/tex/latex/fontaxes/fontaxes.
sty
Package: fontaxes 2020/07/21 v1.0e Font selection axes
LaTeX Info: Redefining \upshape on input line 29.
LaTeX Info: Redefining \itshape on input line 31.
LaTeX Info: Redefining \slshape on input line 33.
LaTeX Info: Redefining \swshape on input line 35.
LaTeX Info: Redefining \scshape on input line 37.
LaTeX Info: Redefining \sscshape on input line 39.
LaTeX Info: Redefining \ulcshape on input line 41.
LaTeX Info: Redefining \textsw on input line 47.
LaTeX Info: Redefining \textssc on input line 48.
LaTeX Info: Redefining \textulc on input line 49.
)
LaTeX Info: Redefining \oldstylenums on input line 485.

(/scrfs/storage/zwang/home/texlive/2025/texmf-dist/tex/latex/libertine/LinLiber
tine_I.tex))
(/scrfs/storage/zwang/home/texlive/2025/texmf-dist/tex/latex/inconsolata/zi4.st
y
Package: zi4 2019/05/17 v1.12
 `inconsolata-zi4' v1.12, 2019/05/17 Text macros for Inconsolata (msharpe)
\zifour@ocount=\count311
)
(/scrfs/storage/zwang/home/texlive/2025/texmf-dist/tex/latex/newtx/newtxmath.st
y
Package: newtxmath 2024/09/22 v1.754

`newtxmath' v1.754, 2024/09/22 Math macros based originally on txfonts (msharpe
)
(/scrfs/storage/zwang/home/texlive/2025/texmf-dist/tex/latex/oberdiek/centernot
.sty
Package: centernot 2016/05/16 v1.4 Centers the not symbol horizontally (HO)
)
\tx@cntz=\count312

(/scrfs/storage/zwang/home/texlive/2025/texmf-dist/tex/generic/kastrup/binhex.t
ex)
\tx@Isdigit=\count313
\tx@IsAlNum=\count314
\tx@tA=\toks34
\tx@tB=\toks35
\tx@su=\read2

amsthm NOT loaded
LaTeX Font Info:    Redeclaring symbol font `operators' on input line 402.
LaTeX Font Info:    Overwriting symbol font `operators' in version `normal'
(Font)                  OT1/cmr/m/n --> OT1/LinuxLibertineT-TLF/m/n on input li
ne 402.
LaTeX Font Info:    Overwriting symbol font `operators' in version `bold'
(Font)                  OT1/cmr/bx/n --> OT1/LinuxLibertineT-TLF/m/n on input l
ine 402.
LaTeX Font Info:    Overwriting symbol font `operators' in version `bold'
(Font)                  OT1/LinuxLibertineT-TLF/m/n --> OT1/LinuxLibertineT-TLF
/sb/n on input line 403.
LaTeX Font Info:    Redeclaring math alphabet \mathsf on input line 410.
LaTeX Font Info:    Overwriting math alphabet `\mathsf' in version `normal'
(Font)                  OT1/cmss/m/n --> OT1/LinuxBiolinumT-TLF/m/n on input li
ne 410.
LaTeX Font Info:    Overwriting math alphabet `\mathsf' in version `bold'
(Font)                  OT1/cmss/bx/n --> OT1/LinuxBiolinumT-TLF/m/n on input l
ine 410.
LaTeX Font Info:    Overwriting math alphabet `\mathsf' in version `bold'
(Font)                  OT1/LinuxBiolinumT-TLF/m/n --> OT1/LinuxBiolinumT-TLF/b
/n on input line 412.
LaTeX Font Info:    Redeclaring math alphabet \mathit on input line 419.
LaTeX Font Info:    Overwriting math alphabet `\mathit' in version `normal'
(Font)                  OT1/cmr/m/it --> OT1/LinuxLibertineT-TLF/m/it on input 
line 419.
LaTeX Font Info:    Overwriting math alphabet `\mathit' in version `bold'
(Font)                  OT1/cmr/bx/it --> OT1/LinuxLibertineT-TLF/m/it on input
 line 419.
LaTeX Font Info:    Redeclaring math alphabet \mathtt on input line 420.
LaTeX Font Info:    Overwriting math alphabet `\mathtt' in version `normal'
(Font)                  OT1/cmtt/m/n --> T1/zi4/m/n on input line 420.
LaTeX Font Info:    Overwriting math alphabet `\mathtt' in version `bold'
(Font)                  OT1/cmtt/m/n --> T1/zi4/m/n on input line 420.
LaTeX Font Info:    Redeclaring math alphabet \mathbf on input line 422.
LaTeX Font Info:    Overwriting math alphabet `\mathbf' in version `normal'
(Font)                  OT1/cmr/bx/n --> OT1/LinuxLibertineT-TLF/sb/n on input 
line 422.
LaTeX Font Info:    Overwriting math alphabet `\mathbf' in version `bold'
(Font)                  OT1/cmr/bx/n --> OT1/LinuxLibertineT-TLF/sb/n on input 
line 422.
LaTeX Font Info:    Overwriting math alphabet `\mathit' in version `bold'
(Font)                  OT1/LinuxLibertineT-TLF/m/it --> OT1/LinuxLibertineT-TL
F/sb/it on input line 423.
LaTeX Font Info:    Overwriting math alphabet `\mathtt' in version `bold'
(Font)                  T1/zi4/m/n --> T1/zi4/b/n on input line 426.
LaTeX Font Info:    Redeclaring symbol font `letters' on input line 444.
LaTeX Font Info:    Overwriting symbol font `letters' in version `normal'
(Font)                  OML/cmm/m/it --> OML/nxlmi/m/it on input line 444.
LaTeX Font Info:    Overwriting symbol font `letters' in version `bold'
(Font)                  OML/cmm/b/it --> OML/nxlmi/m/it on input line 444.
LaTeX Font Info:    Overwriting symbol font `letters' in version `bold'
(Font)                  OML/nxlmi/m/it --> OML/nxlmi/b/it on input line 445.
\symlettersA=\mathgroup6
LaTeX Font Info:    Overwriting symbol font `lettersA' in version `bold'
(Font)                  U/ntxmia/m/it --> U/ntxmia/b/it on input line 582.
LaTeX Font Info:    Redeclaring math alphabet \mathfrak on input line 584.
Now handling font encoding LMS ...
... no UTF-8 mapping file for font encoding LMS
LaTeX Font Info:    Redeclaring symbol font `symbols' on input line 604.
LaTeX Font Info:    Encoding `OMS' has changed to `LMS' for symbol font
(Font)              `symbols' in the math version `normal' on input line 604.
LaTeX Font Info:    Overwriting symbol font `symbols' in version `normal'
(Font)                  OMS/cmsy/m/n --> LMS/ntxsy/m/n on input line 604.
LaTeX Font Info:    Encoding `OMS' has changed to `LMS' for symbol font
(Font)              `symbols' in the math version `bold' on input line 604.
LaTeX Font Info:    Overwriting symbol font `symbols' in version `bold'
(Font)                  OMS/cmsy/b/n --> LMS/ntxsy/m/n on input line 604.
LaTeX Font Info:    Overwriting symbol font `symbols' in version `bold'
(Font)                  LMS/ntxsy/m/n --> LMS/ntxsy/b/n on input line 605.
\symAMSm=\mathgroup7
LaTeX Font Info:    Overwriting symbol font `AMSm' in version `bold'
(Font)                  U/ntxsym/m/n --> U/ntxsym/b/n on input line 630.
\symsymbolsC=\mathgroup8
LaTeX Font Info:    Overwriting symbol font `symbolsC' in version `bold'
(Font)                  U/ntxsyc/m/n --> U/ntxsyc/b/n on input line 651.
Now handling font encoding LMX ...
... no UTF-8 mapping file for font encoding LMX
LaTeX Font Info:    Redeclaring symbol font `largesymbols' on input line 664.
LaTeX Font Info:    Encoding `OMX' has changed to `LMX' for symbol font
(Font)              `largesymbols' in the math version `normal' on input line 6
64.
LaTeX Font Info:    Overwriting symbol font `largesymbols' in version `normal'
(Font)                  OMX/cmex/m/n --> LMX/ntxexx/m/n on input line 664.
LaTeX Font Info:    Encoding `OMX' has changed to `LMX' for symbol font
(Font)              `largesymbols' in the math version `bold' on input line 664
.
LaTeX Font Info:    Overwriting symbol font `largesymbols' in version `bold'
(Font)                  OMX/cmex/m/n --> LMX/ntxexx/m/n on input line 664.
LaTeX Font Info:    Overwriting symbol font `largesymbols' in version `bold'
(Font)                  LMX/ntxexx/m/n --> LMX/ntxexx/b/n on input line 665.
\symlargesymbolsTXA=\mathgroup9
LaTeX Font Info:    Overwriting symbol font `largesymbolsTXA' in version `bold'

(Font)                  U/ntxexa/m/n --> U/ntxexa/b/n on input line 679.
\tx@sbptoks=\toks36
LaTeX Font Info:    Redeclaring math delimiter \lfloor on input line 902.
LaTeX Font Info:    Redeclaring math delimiter \rfloor on input line 903.
LaTeX Font Info:    Redeclaring math delimiter \lceil on input line 904.
LaTeX Font Info:    Redeclaring math delimiter \rceil on input line 905.
LaTeX Font Info:    Redeclaring math delimiter \lbrace on input line 910.
LaTeX Font Info:    Redeclaring math delimiter \rbrace on input line 911.
LaTeX Font Info:    Redeclaring math delimiter \langle on input line 913.
LaTeX Font Info:    Redeclaring math delimiter \rangle on input line 915.
LaTeX Font Info:    Redeclaring math delimiter \arrowvert on input line 919.
LaTeX Font Info:    Redeclaring math delimiter \vert on input line 920.
LaTeX Font Info:    Redeclaring math accent \dot on input line 991.
LaTeX Font Info:    Redeclaring math accent \ddot on input line 992.
LaTeX Font Info:    Redeclaring math accent \vec on input line 2057.
LaTeX Info: Redefining \Bbbk on input line 2847.
LaTeX Info: Redefining \not on input line 2995.
LaTeX Info: Redefining \textsquare on input line 3025.
LaTeX Info: Redefining \openbox on input line 3027.
)
(/scrfs/storage/zwang/home/texlive/2025/texmf-dist/tex/latex/caption/caption.st
y
Package: caption 2023/08/05 v3.6o Customizing captions (AR)

(/scrfs/storage/zwang/home/texlive/2025/texmf-dist/tex/latex/caption/caption3.s
ty
Package: caption3 2023/07/31 v2.4d caption3 kernel (AR)
\caption@tempdima=\dimen188
\captionmargin=\dimen189
\caption@leftmargin=\dimen190
\caption@rightmargin=\dimen191
\caption@width=\dimen192
\caption@indent=\dimen193
\caption@parindent=\dimen194
\caption@hangindent=\dimen195
Package caption Info: AMS or SMF document class detected.

(/scrfs/storage/zwang/home/texlive/2025/texmf-dist/tex/latex/caption/caption-am
s-smf.sto
File: caption-ams-smf.sto 2020/08/22 v2.0 Adaption of the caption package to th
e AMS and SMF document classes (AR)
))
\c@caption@flags=\count315
\c@continuedfloat=\count316
Package caption Info: hyperref package is loaded.
)
(/scrfs/storage/zwang/home/texlive/2025/texmf-dist/tex/latex/float/float.sty
Package: float 2001/11/08 v1.3d Float enhancements (AL)
\c@float@type=\count317
\float@exts=\toks37
\float@box=\box57
\@float@everytoks=\toks38
\@floatcapt=\box58
)
\@float@every@sidebar=\toks39
\c@sidebar=\count318
\fulltextwidth=\dimen196
\@ACM@labelwidth=\dimen197
\listisep=\skip63
\num@authorgroups=\count319
\num@authors=\count320
\@ACM@badge@width=\skip64
\@ACM@title@width=\skip65
\@ACM@badge@skip=\skip66
Class acmart Info: Printing CCS on input line 1806.
Class acmart Info: Printing bibformat on input line 1806.
Class acmart Info: Suppressing folios on input line 1813.
Class acmart Info: Setting authorsperrow to 0 on input line 1816.

(/scrfs/storage/zwang/home/texlive/2025/texmf-dist/tex/latex/comment/comment.st
y
\CommentStream=\write3
 Excluding comment 'comment') Excluding comment 'CCSXML'
\c@@concepts=\count321
\mktitle@bx=\box59
\@ACM@acmcpbox=\box60
\@ACM@commabox=\box61
\author@bx=\box62
\author@bx@wd=\dimen198
\author@bx@sep=\skip67

(/scrfs/storage/zwang/home/texlive/2025/texmf-dist/tex/latex/fancyhdr/fancyhdr.
sty
Package: fancyhdr 2025/02/07 v5.2 Extensive control of page headers and footers

\f@nch@headwidth=\skip68
\f@nch@offset@elh=\skip69
\f@nch@offset@erh=\skip70
\f@nch@offset@olh=\skip71
\f@nch@offset@orh=\skip72
\f@nch@offset@elf=\skip73
\f@nch@offset@erf=\skip74
\f@nch@offset@olf=\skip75
\f@nch@offset@orf=\skip76
\f@nch@height=\skip77
\f@nch@footalignment=\skip78
\f@nch@widthL=\skip79
\f@nch@widthC=\skip80
\f@nch@widthR=\skip81
\@temptokenb=\toks40
) Special comment 'acks'
LaTeX Font Info:    Trying to load font information for T1+LinuxLibertineT-TLF 
on input line 3588.

(/scrfs/storage/zwang/home/texlive/2025/texmf-dist/tex/latex/libertine/T1LinuxL
ibertineT-TLF.fd
File: T1LinuxLibertineT-TLF.fd 2017/03/20 (autoinst) Font definitions for T1/Li
nuxLibertineT-TLF.
)
LaTeX Font Info:    Font shape `T1/LinuxLibertineT-TLF/m/n' will be
(Font)              scaled to size 9.0pt on input line 3588.
)
(/scrfs/storage/zwang/home/texlive/2025/texmf-dist/tex/latex/multirow/multirow.
sty
Package: multirow 2024/11/12 v2.9 Span multiple rows of a table
\multirow@colwidth=\skip82
\multirow@cntb=\count322
\multirow@dima=\skip83
\bigstrutjot=\dimen199
)
(/scrfs/storage/zwang/home/texlive/2025/texmf-dist/tex/latex/tools/array.sty
Package: array 2024/10/17 v2.6g Tabular extension package (FMi)
\col@sep=\dimen256
\ar@mcellbox=\box63
\extrarowheight=\dimen257
\NC@list=\toks41
\extratabsurround=\skip84
\backup@length=\skip85
\ar@cellbox=\box64
)
(/scrfs/storage/zwang/home/texlive/2025/texmf-dist/tex/latex/amsfonts/amssymb.s
ty
Package: amssymb 2013/01/14 v3.01 AMS font symbols
LaTeX Font Info:    Redeclaring math symbol \boxdot on input line 44.
LaTeX Font Info:    Redeclaring math symbol \boxplus on input line 45.
LaTeX Font Info:    Redeclaring math symbol \boxtimes on input line 46.
LaTeX Font Info:    Redeclaring math symbol \blacksquare on input line 48.
LaTeX Font Info:    Redeclaring math symbol \centerdot on input line 49.
LaTeX Font Info:    Redeclaring math symbol \blacklozenge on input line 51.
LaTeX Font Info:    Redeclaring math symbol \circlearrowright on input line 52.

LaTeX Font Info:    Redeclaring math symbol \circlearrowleft on input line 53.
LaTeX Font Info:    Redeclaring math symbol \leftrightharpoons on input line 56
.
LaTeX Font Info:    Redeclaring math symbol \boxminus on input line 57.
LaTeX Font Info:    Redeclaring math symbol \Vdash on input line 58.
LaTeX Font Info:    Redeclaring math symbol \Vvdash on input line 59.
LaTeX Font Info:    Redeclaring math symbol \vDash on input line 60.
LaTeX Font Info:    Redeclaring math symbol \twoheadrightarrow on input line 61
.
LaTeX Font Info:    Redeclaring math symbol \twoheadleftarrow on input line 62.

LaTeX Font Info:    Redeclaring math symbol \leftleftarrows on input line 63.
LaTeX Font Info:    Redeclaring math symbol \rightrightarrows on input line 64.

LaTeX Font Info:    Redeclaring math symbol \upuparrows on input line 65.
LaTeX Font Info:    Redeclaring math symbol \downdownarrows on input line 66.
LaTeX Font Info:    Redeclaring math symbol \upharpoonright on input line 67.
LaTeX Font Info:    Redeclaring math symbol \downharpoonright on input line 69.

LaTeX Font Info:    Redeclaring math symbol \upharpoonleft on input line 70.
LaTeX Font Info:    Redeclaring math symbol \downharpoonleft on input line 71.
LaTeX Font Info:    Redeclaring math symbol \rightarrowtail on input line 72.
LaTeX Font Info:    Redeclaring math symbol \leftarrowtail on input line 73.
LaTeX Font Info:    Redeclaring math symbol \leftrightarrows on input line 74.
LaTeX Font Info:    Redeclaring math symbol \rightleftarrows on input line 75.
LaTeX Font Info:    Redeclaring math symbol \Lsh on input line 76.
LaTeX Font Info:    Redeclaring math symbol \Rsh on input line 77.
LaTeX Font Info:    Redeclaring math symbol \leftrightsquigarrow on input line 
79.
LaTeX Font Info:    Redeclaring math symbol \looparrowleft on input line 80.
LaTeX Font Info:    Redeclaring math symbol \looparrowright on input line 81.
LaTeX Font Info:    Redeclaring math symbol \circeq on input line 82.
LaTeX Font Info:    Redeclaring math symbol \succsim on input line 83.
LaTeX Font Info:    Redeclaring math symbol \gtrsim on input line 84.
LaTeX Font Info:    Redeclaring math symbol \gtrapprox on input line 85.
LaTeX Font Info:    Redeclaring math symbol \multimap on input line 86.
LaTeX Font Info:    Redeclaring math symbol \therefore on input line 87.
LaTeX Font Info:    Redeclaring math symbol \because on input line 88.
LaTeX Font Info:    Redeclaring math symbol \doteqdot on input line 89.
LaTeX Font Info:    Redeclaring math symbol \triangleq on input line 91.
LaTeX Font Info:    Redeclaring math symbol \precsim on input line 92.
LaTeX Font Info:    Redeclaring math symbol \lesssim on input line 93.
LaTeX Font Info:    Redeclaring math symbol \lessapprox on input line 94.
LaTeX Font Info:    Redeclaring math symbol \eqslantless on input line 95.
LaTeX Font Info:    Redeclaring math symbol \eqslantgtr on input line 96.
LaTeX Font Info:    Redeclaring math symbol \curlyeqprec on input line 97.
LaTeX Font Info:    Redeclaring math symbol \curlyeqsucc on input line 98.
LaTeX Font Info:    Redeclaring math symbol \preccurlyeq on input line 99.
LaTeX Font Info:    Redeclaring math symbol \leqq on input line 100.
LaTeX Font Info:    Redeclaring math symbol \leqslant on input line 101.
LaTeX Font Info:    Redeclaring math symbol \lessgtr on input line 102.
LaTeX Font Info:    Redeclaring math symbol \backprime on input line 103.
LaTeX Font Info:    Redeclaring math symbol \risingdotseq on input line 104.
LaTeX Font Info:    Redeclaring math symbol \fallingdotseq on input line 105.
LaTeX Font Info:    Redeclaring math symbol \succcurlyeq on input line 106.
LaTeX Font Info:    Redeclaring math symbol \geqq on input line 107.
LaTeX Font Info:    Redeclaring math symbol \geqslant on input line 108.
LaTeX Font Info:    Redeclaring math symbol \gtrless on input line 109.
LaTeX Font Info:    Redeclaring math symbol \bigstar on input line 117.
LaTeX Font Info:    Redeclaring math symbol \between on input line 118.
LaTeX Font Info:    Redeclaring math symbol \blacktriangledown on input line 11
9.
LaTeX Font Info:    Redeclaring math symbol \blacktriangleright on input line 1
20.
LaTeX Font Info:    Redeclaring math symbol \blacktriangleleft on input line 12
1.
LaTeX Font Info:    Redeclaring math symbol \vartriangle on input line 122.
LaTeX Font Info:    Redeclaring math symbol \blacktriangle on input line 123.
LaTeX Font Info:    Redeclaring math symbol \triangledown on input line 124.
LaTeX Font Info:    Redeclaring math symbol \eqcirc on input line 125.
LaTeX Font Info:    Redeclaring math symbol \lesseqgtr on input line 126.
LaTeX Font Info:    Redeclaring math symbol \gtreqless on input line 127.
LaTeX Font Info:    Redeclaring math symbol \lesseqqgtr on input line 128.
LaTeX Font Info:    Redeclaring math symbol \gtreqqless on input line 129.
LaTeX Font Info:    Redeclaring math symbol \Rrightarrow on input line 130.
LaTeX Font Info:    Redeclaring math symbol \Lleftarrow on input line 131.
LaTeX Font Info:    Redeclaring math symbol \veebar on input line 132.
LaTeX Font Info:    Redeclaring math symbol \barwedge on input line 133.
LaTeX Font Info:    Redeclaring math symbol \doublebarwedge on input line 134.
LaTeX Font Info:    Redeclaring math symbol \measuredangle on input line 137.
LaTeX Font Info:    Redeclaring math symbol \sphericalangle on input line 138.
LaTeX Font Info:    Redeclaring math symbol \varpropto on input line 139.
LaTeX Font Info:    Redeclaring math symbol \smallsmile on input line 140.
LaTeX Font Info:    Redeclaring math symbol \smallfrown on input line 141.
LaTeX Font Info:    Redeclaring math symbol \Subset on input line 142.
LaTeX Font Info:    Redeclaring math symbol \Supset on input line 143.
LaTeX Font Info:    Redeclaring math symbol \Cup on input line 144.
LaTeX Font Info:    Redeclaring math symbol \Cap on input line 146.
LaTeX Font Info:    Redeclaring math symbol \curlywedge on input line 148.
LaTeX Font Info:    Redeclaring math symbol \curlyvee on input line 149.
LaTeX Font Info:    Redeclaring math symbol \leftthreetimes on input line 150.
LaTeX Font Info:    Redeclaring math symbol \rightthreetimes on input line 151.

LaTeX Font Info:    Redeclaring math symbol \subseteqq on input line 152.
LaTeX Font Info:    Redeclaring math symbol \supseteqq on input line 153.
LaTeX Font Info:    Redeclaring math symbol \bumpeq on input line 154.
LaTeX Font Info:    Redeclaring math symbol \Bumpeq on input line 155.
LaTeX Font Info:    Redeclaring math symbol \lll on input line 156.
LaTeX Font Info:    Redeclaring math symbol \ggg on input line 158.
LaTeX Font Info:    Redeclaring math symbol \circledS on input line 160.
LaTeX Font Info:    Redeclaring math symbol \pitchfork on input line 161.
LaTeX Font Info:    Redeclaring math symbol \dotplus on input line 162.
LaTeX Font Info:    Redeclaring math symbol \backsim on input line 163.
LaTeX Font Info:    Redeclaring math symbol \backsimeq on input line 164.
LaTeX Font Info:    Redeclaring math symbol \complement on input line 165.
LaTeX Font Info:    Redeclaring math symbol \intercal on input line 166.
LaTeX Font Info:    Redeclaring math symbol \circledcirc on input line 167.
LaTeX Font Info:    Redeclaring math symbol \circledast on input line 168.
LaTeX Font Info:    Redeclaring math symbol \circleddash on input line 169.
LaTeX Font Info:    Redeclaring math symbol \lvertneqq on input line 171.
LaTeX Font Info:    Redeclaring math symbol \gvertneqq on input line 172.
LaTeX Font Info:    Redeclaring math symbol \nleq on input line 173.
LaTeX Font Info:    Redeclaring math symbol \ngeq on input line 174.
LaTeX Font Info:    Redeclaring math symbol \nless on input line 175.
LaTeX Font Info:    Redeclaring math symbol \ngtr on input line 176.
LaTeX Font Info:    Redeclaring math symbol \nprec on input line 177.
LaTeX Font Info:    Redeclaring math symbol \nsucc on input line 178.
LaTeX Font Info:    Redeclaring math symbol \lneqq on input line 179.
LaTeX Font Info:    Redeclaring math symbol \gneqq on input line 180.
LaTeX Font Info:    Redeclaring math symbol \nleqslant on input line 181.
LaTeX Font Info:    Redeclaring math symbol \ngeqslant on input line 182.
LaTeX Font Info:    Redeclaring math symbol \lneq on input line 183.
LaTeX Font Info:    Redeclaring math symbol \gneq on input line 184.
LaTeX Font Info:    Redeclaring math symbol \npreceq on input line 185.
LaTeX Font Info:    Redeclaring math symbol \nsucceq on input line 186.
LaTeX Font Info:    Redeclaring math symbol \precnsim on input line 187.
LaTeX Font Info:    Redeclaring math symbol \succnsim on input line 188.
LaTeX Font Info:    Redeclaring math symbol \lnsim on input line 189.
LaTeX Font Info:    Redeclaring math symbol \gnsim on input line 190.
LaTeX Font Info:    Redeclaring math symbol \nleqq on input line 191.
LaTeX Font Info:    Redeclaring math symbol \ngeqq on input line 192.
LaTeX Font Info:    Redeclaring math symbol \precneqq on input line 193.
LaTeX Font Info:    Redeclaring math symbol \succneqq on input line 194.
LaTeX Font Info:    Redeclaring math symbol \precnapprox on input line 195.
LaTeX Font Info:    Redeclaring math symbol \succnapprox on input line 196.
LaTeX Font Info:    Redeclaring math symbol \lnapprox on input line 197.
LaTeX Font Info:    Redeclaring math symbol \gnapprox on input line 198.
LaTeX Font Info:    Redeclaring math symbol \nsim on input line 199.
LaTeX Font Info:    Redeclaring math symbol \ncong on input line 200.
LaTeX Font Info:    Redeclaring math symbol \diagup on input line 201.
LaTeX Font Info:    Redeclaring math symbol \diagdown on input line 202.
LaTeX Font Info:    Redeclaring math symbol \varsubsetneq on input line 203.
LaTeX Font Info:    Redeclaring math symbol \varsupsetneq on input line 204.
LaTeX Font Info:    Redeclaring math symbol \nsubseteqq on input line 205.
LaTeX Font Info:    Redeclaring math symbol \nsupseteqq on input line 206.
LaTeX Font Info:    Redeclaring math symbol \subsetneqq on input line 207.
LaTeX Font Info:    Redeclaring math symbol \supsetneqq on input line 208.
LaTeX Font Info:    Redeclaring math symbol \varsubsetneqq on input line 209.
LaTeX Font Info:    Redeclaring math symbol \varsupsetneqq on input line 210.
LaTeX Font Info:    Redeclaring math symbol \subsetneq on input line 211.
LaTeX Font Info:    Redeclaring math symbol \supsetneq on input line 212.
LaTeX Font Info:    Redeclaring math symbol \nsubseteq on input line 213.
LaTeX Font Info:    Redeclaring math symbol \nsupseteq on input line 214.
LaTeX Font Info:    Redeclaring math symbol \nparallel on input line 215.
LaTeX Font Info:    Redeclaring math symbol \nmid on input line 216.
LaTeX Font Info:    Redeclaring math symbol \nshortmid on input line 217.
LaTeX Font Info:    Redeclaring math symbol \nshortparallel on input line 218.
LaTeX Font Info:    Redeclaring math symbol \nvdash on input line 219.
LaTeX Font Info:    Redeclaring math symbol \nVdash on input line 220.
LaTeX Font Info:    Redeclaring math symbol \nvDash on input line 221.
LaTeX Font Info:    Redeclaring math symbol \nVDash on input line 222.
LaTeX Font Info:    Redeclaring math symbol \ntrianglerighteq on input line 223
.
LaTeX Font Info:    Redeclaring math symbol \ntrianglelefteq on input line 224.

LaTeX Font Info:    Redeclaring math symbol \ntriangleleft on input line 225.
LaTeX Font Info:    Redeclaring math symbol \ntriangleright on input line 226.
LaTeX Font Info:    Redeclaring math symbol \nleftarrow on input line 227.
LaTeX Font Info:    Redeclaring math symbol \nrightarrow on input line 228.
LaTeX Font Info:    Redeclaring math symbol \nLeftarrow on input line 229.
LaTeX Font Info:    Redeclaring math symbol \nRightarrow on input line 230.
LaTeX Font Info:    Redeclaring math symbol \nLeftrightarrow on input line 231.

LaTeX Font Info:    Redeclaring math symbol \nleftrightarrow on input line 232.

LaTeX Font Info:    Redeclaring math symbol \divideontimes on input line 233.
LaTeX Font Info:    Redeclaring math symbol \varnothing on input line 234.
LaTeX Font Info:    Redeclaring math symbol \nexists on input line 235.
LaTeX Font Info:    Redeclaring math symbol \Finv on input line 236.
LaTeX Font Info:    Redeclaring math symbol \Game on input line 237.
LaTeX Font Info:    Redeclaring math symbol \eth on input line 240.
LaTeX Font Info:    Redeclaring math symbol \eqsim on input line 241.
LaTeX Font Info:    Redeclaring math symbol \beth on input line 242.
LaTeX Font Info:    Redeclaring math symbol \gimel on input line 243.
LaTeX Font Info:    Redeclaring math symbol \daleth on input line 244.
LaTeX Font Info:    Redeclaring math symbol \lessdot on input line 245.
LaTeX Font Info:    Redeclaring math symbol \gtrdot on input line 246.
LaTeX Font Info:    Redeclaring math symbol \ltimes on input line 247.
LaTeX Font Info:    Redeclaring math symbol \rtimes on input line 248.
LaTeX Font Info:    Redeclaring math symbol \shortmid on input line 249.
LaTeX Font Info:    Redeclaring math symbol \shortparallel on input line 250.
LaTeX Font Info:    Redeclaring math symbol \smallsetminus on input line 251.
LaTeX Font Info:    Redeclaring math symbol \thicksim on input line 252.
LaTeX Font Info:    Redeclaring math symbol \thickapprox on input line 253.
LaTeX Font Info:    Redeclaring math symbol \approxeq on input line 254.
LaTeX Font Info:    Redeclaring math symbol \succapprox on input line 255.
LaTeX Font Info:    Redeclaring math symbol \precapprox on input line 256.
LaTeX Font Info:    Redeclaring math symbol \curvearrowleft on input line 257.
LaTeX Font Info:    Redeclaring math symbol \curvearrowright on input line 258.

LaTeX Font Info:    Redeclaring math symbol \digamma on input line 259.
LaTeX Font Info:    Redeclaring math symbol \varkappa on input line 260.


! LaTeX Error: Command `\Bbbk' already defined.

See the LaTeX manual or LaTeX Companion for explanation.
Type  H <return>  for immediate help.
 ...                                              
                                                  
l.261 ...ol{\Bbbk}           {\mathord}{AMSb}{"7C}
                                                  
Your command was ignored.
Type  I <command> <return>  to replace it with another command,
or  <return>  to continue without it.

LaTeX Font Info:    Redeclaring math symbol \hslash on input line 262.
LaTeX Font Info:    Redeclaring math symbol \backepsilon on input line 265.
)
(/scrfs/storage/zwang/home/texlive/2025/texmf-dist/tex/latex/adjustbox/adjustbo
x.sty
Package: adjustbox 2025/02/26 v1.3c Adjusting TeX boxes (trim, clip, ...)

(/scrfs/storage/zwang/home/texlive/2025/texmf-dist/tex/latex/adjustbox/adjcalc.
sty
Package: adjcalc 2012/05/16 v1.1 Provides advanced setlength with multiple back
-ends (calc, etex, pgfmath)
)
(/scrfs/storage/zwang/home/texlive/2025/texmf-dist/tex/latex/adjustbox/trimclip
.sty
Package: trimclip 2025/02/21 v1.2a Trim and clip general TeX material

(/scrfs/storage/zwang/home/texlive/2025/texmf-dist/tex/latex/collectbox/collect
box.sty
Package: collectbox 2022/10/17 v0.4c Collect macro arguments as boxes
\collectedbox=\box65
)
\tc@llx=\dimen258
\tc@lly=\dimen259
\tc@urx=\dimen260
\tc@ury=\dimen261
Package trimclip Info: Using driver 'tc-pdftex.def'.

(/scrfs/storage/zwang/home/texlive/2025/texmf-dist/tex/latex/adjustbox/tc-pdfte
x.def
File: tc-pdftex.def 2025/02/26 v2.3 Clipping driver for pdftex
))
\adjbox@Width=\dimen262
\adjbox@Height=\dimen263
\adjbox@Depth=\dimen264
\adjbox@Totalheight=\dimen265
\adjbox@pwidth=\dimen266
\adjbox@pheight=\dimen267
\adjbox@pdepth=\dimen268
\adjbox@ptotalheight=\dimen269

(/scrfs/storage/zwang/home/texlive/2025/texmf-dist/tex/latex/ifoddpage/ifoddpag
e.sty
Package: ifoddpage 2022/10/18 v1.2 Conditionals for odd/even page detection
\c@checkoddpage=\count323
)
(/scrfs/storage/zwang/home/texlive/2025/texmf-dist/tex/latex/varwidth/varwidth.
sty
Package: varwidth 2009/03/30 ver 0.92;  Variable-width minipages
\@vwid@box=\box66
\sift@deathcycles=\count324
\@vwid@loff=\dimen270
\@vwid@roff=\dimen271
))
(/scrfs/storage/zwang/home/texlive/2025/texmf-dist/tex/latex/algorithms/algorit
hm.sty
Package: algorithm 2009/08/24 v0.1 Document Style `algorithm' - floating enviro
nment
\@float@every@algorithm=\toks42
\c@algorithm=\count325
)
(/scrfs/storage/zwang/home/texlive/2025/texmf-dist/tex/latex/algorithmicx/algps
eudocode.sty
Package: algpseudocode 

(/scrfs/storage/zwang/home/texlive/2025/texmf-dist/tex/latex/algorithmicx/algor
ithmicx.sty
Package: algorithmicx 2005/04/27 v1.2 Algorithmicx

Document Style algorithmicx 1.2 - a greatly improved `algorithmic' style
\c@ALG@line=\count326
\c@ALG@rem=\count327
\c@ALG@nested=\count328
\ALG@tlm=\skip86
\ALG@thistlm=\skip87
\c@ALG@Lnr=\count329
\c@ALG@blocknr=\count330
\c@ALG@storecount=\count331
\c@ALG@tmpcounter=\count332
\ALG@tmplength=\skip88
)
Document Style - pseudocode environments for use with the `algorithmicx' style
)
Class acmart Info: Printing bibformat on input line 15.
Package hyperref Info: Option `pdfdisplaydoctitle' set `true' on input line 20.

\c@theorem=\count333

(/scrfs/storage/zwang/home/texlive/2025/texmf-dist/tex/latex/preprint/balance.s
ty
Package: balance 1999/02/23 4.3 (PWD)
\oldvsize=\dimen272
) Excluding comment 'screenonly' Include comment 'printonly'
Include comment 'anonsuppress'
(/scrfs/storage/zwang/home/texlive/2025/texmf-dist/tex/latex/l3backend/l3backen
d-pdftex.def
File: l3backend-pdftex.def 2025-03-14 L3 backend support: PDF output (pdfTeX)
\l__color_backend_stack_int=\count334
) (./final_paper_round4.aux

Package natbib Warning: Citation `ref1' multiply defined.


Package natbib Warning: Citation `ref6' multiply defined.


Package natbib Warning: Citation `ref2' multiply defined.


Package natbib Warning: Citation `ref19' multiply defined.


Package natbib Warning: Citation `ref20' multiply defined.


Package natbib Warning: Citation `ref3' multiply defined.


Package natbib Warning: Citation `ref11' multiply defined.


Package natbib Warning: Citation `ref12' multiply defined.


Package natbib Warning: Citation `ref13' multiply defined.


Package natbib Warning: Citation `ref21' multiply defined.


Package natbib Warning: Citation `ref7' multiply defined.


Package natbib Warning: Citation `ref33' multiply defined.


Package natbib Warning: Citation `ref31' multiply defined.


Package natbib Warning: Citation `ref9' multiply defined.


Package natbib Warning: Citation `ref22' multiply defined.


Package natbib Warning: Citation `ref38' multiply defined.


Package natbib Warning: Citation `ref42' multiply defined.


Package natbib Warning: Citation `ref8' multiply defined.


Package natbib Warning: Citation `ref10' multiply defined.


Package natbib Warning: Citation `ref36' multiply defined.


Package natbib Warning: Citation `ref29' multiply defined.


Package natbib Warning: Citation `ref43' multiply defined.


Package natbib Warning: Citation `ref45' multiply defined.


Package natbib Warning: Citation `ref4' multiply defined.


Package natbib Warning: Citation `ref15' multiply defined.


Package natbib Warning: Citation `ref39' multiply defined.


Package natbib Warning: Citation `ref34' multiply defined.


Package natbib Warning: Citation `ref44' multiply defined.


Package natbib Warning: Citation `ref32' multiply defined.


Package natbib Warning: Citation `ref37' multiply defined.


Package natbib Warning: Citation `ref30' multiply defined.


Package natbib Warning: Citation `ref24' multiply defined.


Package natbib Warning: Citation `ref14' multiply defined.


Package natbib Warning: Citation `ref16' multiply defined.


Package natbib Warning: Citation `ref17' multiply defined.


Package natbib Warning: Citation `ref28' multiply defined.


Package natbib Warning: Citation `ref25' multiply defined.


Package natbib Warning: Citation `ref5' multiply defined.


Package natbib Warning: Citation `ref23' multiply defined.


Package natbib Warning: Citation `ref27' multiply defined.

)
\openout1 = `final_paper_round4.aux'.

LaTeX Font Info:    Checking defaults for OML/nxlmi/m/it on input line 20.
LaTeX Font Info:    Trying to load font information for OML+nxlmi on input line
 20.

(/scrfs/storage/zwang/home/texlive/2025/texmf-dist/tex/latex/newtx/omlnxlmi.fd
File: omlnxlmi.fd 2013/11/19 Fontinst v1.933 font definitions for OML/nxlmi.
)
LaTeX Font Info:    ... okay on input line 20.
LaTeX Font Info:    Checking defaults for OMS/cmsy/m/n on input line 20.
LaTeX Font Info:    ... okay on input line 20.
LaTeX Font Info:    Checking defaults for OT1/cmr/m/n on input line 20.
LaTeX Font Info:    ... okay on input line 20.
LaTeX Font Info:    Checking defaults for T1/cmr/m/n on input line 20.
LaTeX Font Info:    ... okay on input line 20.
LaTeX Font Info:    Checking defaults for TS1/cmr/m/n on input line 20.
LaTeX Font Info:    ... okay on input line 20.
LaTeX Font Info:    Checking defaults for OMX/cmex/m/n on input line 20.
LaTeX Font Info:    ... okay on input line 20.
LaTeX Font Info:    Checking defaults for U/ntxexa/m/n on input line 20.
LaTeX Font Info:    Trying to load font information for U+ntxexa on input line 
20.
(/scrfs/storage/zwang/home/texlive/2025/texmf-dist/tex/latex/newtx/untxexa.fd
File: untxexa.fd 2012/04/16 Fontinst v1.933 font definitions for U/ntxexa.
)
LaTeX Font Info:    ... okay on input line 20.
LaTeX Font Info:    Checking defaults for PD1/pdf/m/n on input line 20.
LaTeX Font Info:    ... okay on input line 20.
LaTeX Font Info:    Checking defaults for PU/pdf/m/n on input line 20.
LaTeX Font Info:    ... okay on input line 20.
LaTeX Font Info:    Checking defaults for LMS/ntxsy/m/n on input line 20.
LaTeX Font Info:    Trying to load font information for LMS+ntxsy on input line
 20.

(/scrfs/storage/zwang/home/texlive/2025/texmf-dist/tex/latex/newtx/lmsntxsy.fd
File: lmsntxsy.fd 2016/07/02 Fontinst v1.933 font definitions for LMS/ntxsy.
)
LaTeX Font Info:    ... okay on input line 20.
LaTeX Font Info:    Checking defaults for LMX/ntxexx/m/n on input line 20.
LaTeX Font Info:    Trying to load font information for LMX+ntxexx on input lin
e 20.

(/scrfs/storage/zwang/home/texlive/2025/texmf-dist/tex/latex/newtx/lmxntxexx.fd
File: lmxntxexx.fd 2016/07/03 Fontinst v1.933 font definitions for LMX/ntxexx.
)
LaTeX Font Info:    ... okay on input line 20.
LaTeX Font Info:    Font shape `T1/LinuxLibertineT-TLF/m/n' will be
(Font)              scaled to size 7.0pt on input line 20.
LaTeX Font Info:    Trying to load font information for OT1+LinuxLibertineT-TLF
 on input line 20.

(/scrfs/storage/zwang/home/texlive/2025/texmf-dist/tex/latex/libertine/OT1Linux
LibertineT-TLF.fd
File: OT1LinuxLibertineT-TLF.fd 2017/03/20 (autoinst) Font definitions for OT1/
LinuxLibertineT-TLF.
)
LaTeX Font Info:    Font shape `OT1/LinuxLibertineT-TLF/m/n' will be
(Font)              scaled to size 7.3pt on input line 20.
<<ot1.cmap>>
LaTeX Font Info:    Font shape `OT1/LinuxLibertineT-TLF/m/n' will be
(Font)              scaled to size 5.5pt on input line 20.
LaTeX Font Info:    Font shape `OML/nxlmi/m/it' will be
(Font)              scaled to size 7.3pt on input line 20.
<<oml.cmap>>
LaTeX Font Info:    Font shape `OML/nxlmi/m/it' will be
(Font)              scaled to size 5.5pt on input line 20.
LaTeX Font Info:    Font shape `LMS/ntxsy/m/n' will be
(Font)              scaled to size 7.3pt on input line 20.
LaTeX Font Info:    Font shape `LMS/ntxsy/m/n' will be
(Font)              scaled to size 5.5pt on input line 20.
LaTeX Font Info:    Font shape `LMX/ntxexx/m/n' will be
(Font)              scaled to size 7.3pt on input line 20.
LaTeX Font Info:    Font shape `LMX/ntxexx/m/n' will be
(Font)              scaled to size 5.5pt on input line 20.
LaTeX Font Info:    Trying to load font information for U+msa on input line 20.


(/scrfs/storage/zwang/home/texlive/2025/texmf-dist/tex/latex/amsfonts/umsa.fd
File: umsa.fd 2013/01/14 v3.01 AMS symbols A
)
LaTeX Font Info:    Trying to load font information for U+msb on input line 20.


(/scrfs/storage/zwang/home/texlive/2025/texmf-dist/tex/latex/amsfonts/umsb.fd
File: umsb.fd 2013/01/14 v3.01 AMS symbols B
)
LaTeX Font Info:    Trying to load font information for U+ntxmia on input line 
20.

(/scrfs/storage/zwang/home/texlive/2025/texmf-dist/tex/latex/newtx/untxmia.fd
File: untxmia.fd 2024/04/09 Fontinst v1.933 font definitions for U/ntxmia.
)
LaTeX Font Info:    Font shape `U/ntxmia/m/it' will be
(Font)              scaled to size 7.3pt on input line 20.
LaTeX Font Info:    Font shape `U/ntxmia/m/it' will be
(Font)              scaled to size 5.5pt on input line 20.
LaTeX Font Info:    Trying to load font information for U+ntxsym on input line 
20.

(/scrfs/storage/zwang/home/texlive/2025/texmf-dist/tex/latex/newtx/untxsym.fd
File: untxsym.fd 2023/08/16 Fontinst v1.933 font definitions for U/ntxsym.
)
LaTeX Font Info:    Font shape `U/ntxsym/m/n' will be
(Font)              scaled to size 7.3pt on input line 20.
LaTeX Font Info:    Font shape `U/ntxsym/m/n' will be
(Font)              scaled to size 5.5pt on input line 20.
LaTeX Font Info:    Trying to load font information for U+ntxsyc on input line 
20.

(/scrfs/storage/zwang/home/texlive/2025/texmf-dist/tex/latex/newtx/untxsyc.fd
File: untxsyc.fd 2012/04/12 Fontinst v1.933 font definitions for U/ntxsyc.
)
LaTeX Font Info:    Font shape `U/ntxsyc/m/n' will be
(Font)              scaled to size 7.3pt on input line 20.
LaTeX Font Info:    Font shape `U/ntxsyc/m/n' will be
(Font)              scaled to size 5.5pt on input line 20.
LaTeX Font Info:    Font shape `U/ntxexa/m/n' will be
(Font)              scaled to size 7.3pt on input line 20.
LaTeX Font Info:    Font shape `U/ntxexa/m/n' will be
(Font)              scaled to size 5.5pt on input line 20.
LaTeX Info: Command `\dddot' is already robust on input line 20.
LaTeX Info: Command `\ddddot' is already robust on input line 20.
Package microtype Info: Patching varwidth to enable character protrusion.
\MT@vwid@leftmargin=\dimen273
\MT@vwid@rightmargin=\dimen274
LaTeX Info: Redefining \microtypecontext on input line 20.
Package microtype Info: Applying patch `item' on input line 20.
Package microtype Info: Applying patch `toc' on input line 20.
Package microtype Info: Applying patch `eqnum' on input line 20.
Package microtype Info: Applying patch `footnote' on input line 20.
Package microtype Info: Applying patch `verbatim' on input line 20.
LaTeX Info: Redefining \microtypesetup on input line 20.
Package microtype Info: Generating PDF output.
Package microtype Info: Character protrusion enabled (level 2).
Package microtype Info: Using default protrusion set `alltext'.
Package microtype Info: Automatic font expansion enabled (level 2),
(microtype)             stretch: 20, shrink: 20, step: 1, non-selected.
Package microtype Info: Using default expansion set `alltext-nott'.
LaTeX Info: Redefining \showhyphens on input line 20.
Package microtype Info: No adjustment of tracking.
Package microtype Info: No adjustment of interword spacing.
Package microtype Info: No adjustment of character kerning.
Package microtype Info: Loading generic protrusion settings for font family
(microtype)             `LinuxLibertineT-TLF' (encoding: T1).
(microtype)             For optimal results, create family-specific settings.
(microtype)             See the microtype manual for details.
Package hyperref Info: Link coloring OFF on input line 20.

(./final_paper_round4.out) (./final_paper_round4.out)
\@outlinefile=\write4
\openout4 = `final_paper_round4.out'.


(/scrfs/storage/zwang/home/texlive/2025/texmf-dist/tex/context/base/mkii/supp-p
df.mkii
[Loading MPS to PDF converter (version 2006.09.02).]
\scratchcounter=\count335
\scratchdimen=\dimen275
\scratchbox=\box67
\nofMPsegments=\count336
\nofMParguments=\count337
\everyMPshowfont=\toks43
\MPscratchCnt=\count338
\MPscratchDim=\dimen276
\MPnumerator=\count339
\makeMPintoPDFobject=\count340
\everyMPtoPDFconversion=\toks44
)
(/scrfs/storage/zwang/home/texlive/2025/texmf-dist/tex/latex/epstopdf-pkg/epsto
pdf-base.sty
Package: epstopdf-base 2020-01-24 v2.11 Base part for package epstopdf
Package epstopdf-base Info: Redefining graphics rule for `.eps' on input line 4
85.

(/scrfs/storage/zwang/home/texlive/2025/texmf-dist/tex/latex/latexconfig/epstop
df-sys.cfg
File: epstopdf-sys.cfg 2010/07/13 v1.3 Configuration of (r)epstopdf for TeX Liv
e
))
*geometry* driver: auto-detecting
*geometry* detected driver: pdftex
*geometry* verbose mode - [ preamble ] result:
* driver: pdftex
* paper: custom
* layout: <same size as paper>
* layoutoffset:(h,v)=(0.0pt,0.0pt)
* modes: includehead includefoot twoside heightrounded 
* h-part:(L,W,R)=(54.0pt, 506.295pt, 54.0pt)
* v-part:(T,H,B)=(57.0pt, 664.96999pt, 73.0pt)
* \paperwidth=614.295pt
* \paperheight=794.96999pt
* \textwidth=506.295pt
* \textheight=626.0pt
* \oddsidemargin=-18.26999pt
* \evensidemargin=-18.26999pt
* \topmargin=-15.26999pt
* \headheight=13.0pt
* \headsep=14.0pt
* \topskip=10.0pt
* \footskip=12.0pt
* \marginparwidth=24.0pt
* \marginparsep=11.0pt
* \columnsep=24.0pt
* \skip\footins=7.0pt plus 11.0pt
* \hoffset=0.0pt
* \voffset=0.0pt
* \mag=1000
* \@twocolumnfalse
* \@twosidetrue
* \@mparswitchtrue
* \@reversemarginfalse
* (1in=72.27pt=25.4mm, 1cm=28.453pt)

\c@mv@tabular=\count341
\c@mv@boldtabular=\count342

(/scrfs/storage/zwang/home/texlive/2025/texmf-dist/tex/latex/upquote/upquote.st
y
Package: upquote 2012/04/19 v1.3 upright-quote and grave-accent glyphs in verba
tim
)
Package caption Info: Begin \AtBeginDocument code.
Package caption Info: float package is loaded.
Package caption Info: End \AtBeginDocument code.
LaTeX Font Info:    Font shape `T1/LinuxLibertineT-TLF/m/n' will be
(Font)              scaled to size 17.28pt on input line 58.
LaTeX Font Info:    Trying to load font information for T1+LinuxBiolinumT-TLF o
n input line 58.

(/scrfs/storage/zwang/home/texlive/2025/texmf-dist/tex/latex/libertine/T1LinuxB
iolinumT-TLF.fd
File: T1LinuxBiolinumT-TLF.fd 2017/03/20 (autoinst) Font definitions for T1/Lin
uxBiolinumT-TLF.
)
LaTeX Font Info:    Font shape `T1/LinuxBiolinumT-TLF/m/n' will be
(Font)              scaled to size 17.28pt on input line 58.
Package microtype Info: Loading generic protrusion settings for font family
(microtype)             `LinuxBiolinumT-TLF' (encoding: T1).
(microtype)             For optimal results, create family-specific settings.
(microtype)             See the microtype manual for details.
LaTeX Font Info:    Font shape `T1/LinuxBiolinumT-TLF/b/n' will be
(Font)              scaled to size 17.28pt on input line 58.
LaTeX Font Info:    Font shape `T1/LinuxLibertineT-TLF/m/n' will be
(Font)              scaled to size 12.0pt on input line 58.
LaTeX Font Info:    Font shape `T1/LinuxLibertineT-TLF/m/n' will be
(Font)              scaled to size 10.0pt on input line 58.
LaTeX Font Info:    Font shape `T1/LinuxLibertineT-TLF/m/it' will be
(Font)              scaled to size 7.0pt on input line 58.
LaTeX Font Info:    Trying to load font information for TS1+LinuxLibertineT-TLF
 on input line 58.

(/scrfs/storage/zwang/home/texlive/2025/texmf-dist/tex/latex/libertine/TS1Linux
LibertineT-TLF.fd
File: TS1LinuxLibertineT-TLF.fd 2017/03/20 (autoinst) Font definitions for TS1/
LinuxLibertineT-TLF.
)
LaTeX Font Info:    Font shape `TS1/LinuxLibertineT-TLF/m/n' will be
(Font)              scaled to size 7.0pt on input line 58.
Package microtype Info: Loading generic protrusion settings for font family
(microtype)             `LinuxLibertineT-TLF' (encoding: TS1).
(microtype)             For optimal results, create family-specific settings.
(microtype)             See the microtype manual for details.
LaTeX Font Info:    Font shape `T1/LinuxLibertineT-TLF/b/n' will be
(Font)              scaled to size 9.0pt on input line 58.
LaTeX Font Info:    Font shape `T1/LinuxLibertineT-TLF/b/n' will be
(Font)              scaled to size 10.95pt on input line 58.


! You can't use `macro parameter character #' in vertical mode.
\@abstract ...subsection {1. Introduction} \par ##
                                                  ## 1.1 Overview of AI and ...
l.58 \maketitle
               
Sorry, but I'm not programmed to handle this case;
I'll just pretend that you didn't ask for it.
If you're in the wrong mode, you might be able to
return to the right one by typing `I}' or `I$' or `I\par'.

! You can't use `macro parameter character #' in vertical mode.
\@abstract ...bsection {1. Introduction} \par ####
                                                   1.1 Overview of AI and Su...
l.58 \maketitle
               
Sorry, but I'm not programmed to handle this case;
I'll just pretend that you didn't ask for it.
If you're in the wrong mode, you might be able to
return to the right one by typing `I}' or `I$' or `I\par'.


Overfull \hbox (8.9903pt too wide) in paragraph at lines 58--58
[]\T1/LinuxLibertineT-TLF/m/n/9 (-20) Emerging smart man-u-fac-tur-ing ecosys-t
ems lever-age cyber-physical
 []


Underfull \vbox (badness 10000) has occurred while \output is active []



[1.1{/scrfs/storage/zwang/home/texlive/2025/texmf-var/fonts/map/pdftex/updmap/p
dftex.map}{/scrfs/storage/zwang/home/texlive/2025/texmf-dist/fonts/enc/dvips/li
bertine/lbtn_25tcsq.enc}

{/scrfs/storage/zwang/home/texlive/2025/texmf-dist/fonts/enc/dvips/libertine/lb
tn_nh77jq.enc}{/scrfs/storage/zwang/home/texlive/2025/texmf-dist/fonts/enc/dvip
s/libertine/lbtn_76gpa5.enc}{/scrfs/storage/zwang/home/texlive/2025/texmf-dist/
fonts/enc/dvips/libertine/lbtn_7grukw.enc}{/scrfs/storage/zwang/home/texlive/20
25/texmf-dist/fonts/enc/dvips/libertine/lbtn_naooyc.enc}]
! You can't use `macro parameter character #' in vertical mode.
\@abstract ...n with human-centric values. \par ##
                                                  ## 1.2 Objectives and Scop...
l.58 \maketitle
               
Sorry, but I'm not programmed to handle this case;
I'll just pretend that you didn't ask for it.
If you're in the wrong mode, you might be able to
return to the right one by typing `I}' or `I$' or `I\par'.

! You can't use `macro parameter character #' in vertical mode.
\@abstract ...with human-centric values. \par ####
                                                   1.2 Objectives and Scope ...
l.58 \maketitle
               
Sorry, but I'm not programmed to handle this case;
I'll just pretend that you didn't ask for it.
If you're in the wrong mode, you might be able to
return to the right one by typing `I}' or `I$' or `I\par'.

LaTeX Font Info:    Font shape `OT1/LinuxLibertineT-TLF/m/n' will be
(Font)              scaled to size 9.0pt on input line 58.
Package microtype Info: Loading generic protrusion settings for font family
(microtype)             `LinuxLibertineT-TLF' (encoding: OT1).
(microtype)             For optimal results, create family-specific settings.
(microtype)             See the microtype manual for details.
LaTeX Font Info:    Font shape `OT1/LinuxLibertineT-TLF/m/n' will be
(Font)              scaled to size 6.6pt on input line 58.
LaTeX Font Info:    Font shape `OML/nxlmi/m/it' will be
(Font)              scaled to size 9.0pt on input line 58.
LaTeX Font Info:    Font shape `OML/nxlmi/m/it' will be
(Font)              scaled to size 6.6pt on input line 58.
LaTeX Font Info:    Font shape `LMS/ntxsy/m/n' will be
(Font)              scaled to size 9.0pt on input line 58.
LaTeX Font Info:    Font shape `LMS/ntxsy/m/n' will be
(Font)              scaled to size 6.6pt on input line 58.
LaTeX Font Info:    Font shape `LMX/ntxexx/m/n' will be
(Font)              scaled to size 9.0pt on input line 58.
LaTeX Font Info:    Font shape `LMX/ntxexx/m/n' will be
(Font)              scaled to size 6.6pt on input line 58.

(/scrfs/storage/zwang/home/texlive/2025/texmf-dist/tex/latex/microtype/mt-msa.c
fg
File: mt-msa.cfg 2006/02/04 v1.1 microtype config. file: AMS symbols (a) (RS)
)
(/scrfs/storage/zwang/home/texlive/2025/texmf-dist/tex/latex/microtype/mt-msb.c
fg
File: mt-msb.cfg 2005/06/01 v1.0 microtype config. file: AMS symbols (b) (RS)
)
LaTeX Font Info:    Font shape `U/ntxmia/m/it' will be
(Font)              scaled to size 9.0pt on input line 58.
LaTeX Font Info:    Font shape `U/ntxmia/m/it' will be
(Font)              scaled to size 6.6pt on input line 58.
LaTeX Font Info:    Font shape `U/ntxsym/m/n' will be
(Font)              scaled to size 9.0pt on input line 58.
LaTeX Font Info:    Font shape `U/ntxsym/m/n' will be
(Font)              scaled to size 6.6pt on input line 58.
LaTeX Font Info:    Font shape `U/ntxsyc/m/n' will be
(Font)              scaled to size 9.0pt on input line 58.
LaTeX Font Info:    Font shape `U/ntxsyc/m/n' will be
(Font)              scaled to size 6.6pt on input line 58.
LaTeX Font Info:    Font shape `U/ntxexa/m/n' will be
(Font)              scaled to size 9.0pt on input line 58.
LaTeX Font Info:    Font shape `U/ntxexa/m/n' will be
(Font)              scaled to size 6.6pt on input line 58.
LaTeX Font Info:    Font shape `T1/LinuxLibertineT-TLF/m/n' will be
(Font)              scaled to size 8.0pt on input line 58.
LaTeX Font Info:    Font shape `T1/LinuxLibertineT-TLF/b/n' will be
(Font)              scaled to size 8.0pt on input line 58.
LaTeX Font Info:    Font shape `T1/LinuxLibertineT-TLF/m/it' will be
(Font)              scaled to size 8.0pt on input line 58.
LaTeX Font Info:    Font shape `OT1/LinuxLibertineT-TLF/m/n' will be
(Font)              scaled to size 8.0pt on input line 58.
LaTeX Font Info:    Font shape `OT1/LinuxLibertineT-TLF/m/n' will be
(Font)              scaled to size 6.0pt on input line 58.
LaTeX Font Info:    Font shape `OML/nxlmi/m/it' will be
(Font)              scaled to size 8.0pt on input line 58.
LaTeX Font Info:    Font shape `OML/nxlmi/m/it' will be
(Font)              scaled to size 6.0pt on input line 58.
LaTeX Font Info:    Font shape `LMS/ntxsy/m/n' will be
(Font)              scaled to size 8.0pt on input line 58.
LaTeX Font Info:    Font shape `LMS/ntxsy/m/n' will be
(Font)              scaled to size 6.0pt on input line 58.
LaTeX Font Info:    Font shape `LMX/ntxexx/m/n' will be
(Font)              scaled to size 8.0pt on input line 58.
LaTeX Font Info:    Font shape `LMX/ntxexx/m/n' will be
(Font)              scaled to size 6.0pt on input line 58.
LaTeX Font Info:    Font shape `U/ntxmia/m/it' will be
(Font)              scaled to size 8.0pt on input line 58.
LaTeX Font Info:    Font shape `U/ntxmia/m/it' will be
(Font)              scaled to size 6.0pt on input line 58.
LaTeX Font Info:    Font shape `U/ntxsym/m/n' will be
(Font)              scaled to size 8.0pt on input line 58.
LaTeX Font Info:    Font shape `U/ntxsym/m/n' will be
(Font)              scaled to size 6.0pt on input line 58.
LaTeX Font Info:    Font shape `U/ntxsyc/m/n' will be
(Font)              scaled to size 8.0pt on input line 58.
LaTeX Font Info:    Font shape `U/ntxsyc/m/n' will be
(Font)              scaled to size 6.0pt on input line 58.
LaTeX Font Info:    Font shape `U/ntxexa/m/n' will be
(Font)              scaled to size 8.0pt on input line 58.
LaTeX Font Info:    Font shape `U/ntxexa/m/n' will be
(Font)              scaled to size 6.0pt on input line 58.

Underfull \vbox (badness 6078) has occurred while \output is active []




Underfull \vbox (badness 10000) has occurred while \output is active []



LaTeX Font Info:    Font shape `T1/LinuxBiolinumT-TLF/m/n' will be
(Font)              scaled to size 9.0pt on input line 79.
LaTeX Font Info:    Font shape `T1/LinuxBiolinumT-TLF/m/n' will be
(Font)              scaled to size 7.0pt on input line 79.
[2.2]


Underfull \vbox (badness 10000) has occurred while \output is active []



[3.3]

Package natbib Warning: Citation `ref35' on page 4 undefined on input line 148.



Package natbib Warning: Citation `ref35' on page 4 undefined on input line 152.



Package natbib Warning: Citation `ref41' on page 4 undefined on input line 154.



Package natbib Warning: Citation `ref41' on page 4 undefined on input line 154.



Underfull \vbox (badness 4024) has occurred while \output is active []




Underfull \vbox (badness 10000) has occurred while \output is active []



[4.4]
Overfull \hbox (3.25342pt too wide) in paragraph at lines 166--167
\T1/LinuxLibertineT-TLF/m/n/9 (-20) mea-sur-able per-for-mance gains but also e
m-bed ex-plain-abil-ity through
 []


Underfull \vbox (badness 10000) has occurred while \output is active []




Package natbib Warning: Citation `ref35' on page 5 undefined on input line 178.




[5.5]


Overfull \hbox (29.0863pt too wide) in paragraph at lines 190--191
\T1/LinuxLibertineT-TLF/m/n/9 (-20) as-sem-bly and dis-as-sem-bly, where ma-chi
ne learn-ing al-go-rithms^^Vparticularly
 []


Underfull \vbox (badness 10000) has occurred while \output is active []



[6.6]
LaTeX Font Info:    Font shape `T1/LinuxLibertineT-TLF/m/it' will be
(Font)              scaled to size 9.0pt on input line 206.

Underfull \vbox (badness 10000) has occurred while \output is active []




Underfull \vbox (badness 4279) has occurred while \output is active []



[7.7]
Underfull \vbox (badness 10000) has occurred while \output is active []




Overfull \hbox (5.11638pt too wide) in paragraph at lines 250--251
\T1/LinuxLibertineT-TLF/m/n/9 (-20) Hybrid AI mod-els that in-te-grate edge and
 cloud com-put-ing paradigms
 []


Underfull \vbox (badness 5022) has occurred while \output is active []



[8.8]
Underfull \vbox (badness 10000) has occurred while \output is active []




Underfull \vbox (badness 10000) has occurred while \output is active []



[9.9]

Class acmart Warning: \vspace should only be used to provide space above/below 
surrounding objects on input line 305.


Underfull \vbox (badness 10000) has occurred while \output is active []




Package natbib Warning: Citation `ref35' on page 10 undefined on input line 315
.


Package natbib Warning: Citation `ref35' on page 10 undefined on input line 315
.


Package natbib Warning: Citation `ref40' on page 10 undefined on input line 317
.


Package natbib Warning: Citation `ref40' on page 10 undefined on input line 317
.


Underfull \vbox (badness 10000) has occurred while \output is active []



[10.10]

Package natbib Warning: Citation `ref40' on page 11 undefined on input line 319
.


Package natbib Warning: Citation `ref40' on page 11 undefined on input line 319
.


Package natbib Warning: Citation `ref40' on page 11 undefined on input line 319
.


Underfull \vbox (badness 10000) has occurred while \output is active []




Underfull \vbox (badness 10000) has occurred while \output is active []



[11.11]



[12.12]
Underfull \vbox (badness 10000) has occurred while \output is active []



LaTeX Font Info:    Font shape `T1/LinuxBiolinumT-TLF/m/it' will be
(Font)              scaled to size 9.0pt on input line 390.


[13.13]
Overfull \hbox (3.85934pt too wide) in paragraph at lines 421--422
[]\T1/LinuxLibertineT-TLF/m/n/9 (-20) Econometric anal-y-ses pro-vide ro-bust e
v-i-dence that AI-empowered
 []


Underfull \vbox (badness 10000) has occurred while \output is active []




Underfull \vbox (badness 10000) has occurred while \output is active []



[14.14]
Underfull \vbox (badness 10000) has occurred while \output is active []




Package natbib Warning: Citation `ref26' on page 15 undefined on input line 484
.


Package natbib Warning: Citation `ref26' on page 15 undefined on input line 484
.


Package natbib Warning: Citation `ref26' on page 15 undefined on input line 486
.


Package natbib Warning: Citation `ref26' on page 15 undefined on input line 486
.



[15.15]

Package natbib Warning: Citation `ref26' on page 16 undefined on input line 488
.


Package natbib Warning: Citation `ref26' on page 16 undefined on input line 490
.


Package natbib Warning: Citation `ref26' on page 16 undefined on input line 492
.


Underfull \vbox (badness 1057) has occurred while \output is active []




Underfull \vbox (badness 10000) has occurred while \output is active []



[16.16]
Underfull \vbox (badness 3168) has occurred while \output is active []





[17.17]
Underfull \vbox (badness 1057) has occurred while \output is active []




Overfull \hbox (28.84702pt too wide) in paragraph at lines 599--600
\T1/LinuxLibertineT-TLF/m/n/9 (-20) phased de-ploy-ment strate-gies^^Vstarting 
with con-trolled pi-lot projects^^Vallow
 []


Underfull \vbox (badness 1057) has occurred while \output is active []



[18.18]
Underfull \vbox (badness 10000) has occurred while \output is active []




Overfull \hbox (16.47592pt too wide) in paragraph at lines 615--616
\T1/LinuxLibertineT-TLF/m/n/9 (-20) tech-niques^^Vespecially deep learn-ing and
 gen-er-a-tive mod-els^^Vdiminishes
 []


Package natbib Warning: Citation `ref41' on page 19 undefined on input line 621
.


Underfull \vbox (badness 10000) has occurred while \output is active []



[19.19]
Overfull \hbox (1.53745pt too wide) in paragraph at lines 623--624
[]\T1/LinuxLibertineT-TLF/m/n/9 (-20) For ex-am-ple, the Pre-dic-tive Agent fra
me-work pro-posed by Salazar
 []


Package natbib Warning: Citation `ref41' on page 20 undefined on input line 627
.


Package natbib Warning: Citation `ref41' on page 20 undefined on input line 641
.


Underfull \vbox (badness 4279) has occurred while \output is active []




Package natbib Warning: Citation `ref26' on page 20 undefined on input line 660
.


Package natbib Warning: Citation `ref26' on page 20 undefined on input line 660
.


Underfull \vbox (badness 10000) has occurred while \output is active []



[20.20]

Package natbib Warning: Citation `ref26' on page 21 undefined on input line 662
.


Package natbib Warning: Citation `ref26' on page 21 undefined on input line 664
.


Package natbib Warning: Citation `ref26' on page 21 undefined on input line 664
.


Package natbib Warning: Citation `ref35' on page 21 undefined on input line 668
.


Package natbib Warning: Citation `ref35' on page 21 undefined on input line 670
.


Underfull \vbox (badness 10000) has occurred while \output is active []




Package natbib Warning: Citation `ref35' on page 21 undefined on input line 674
.


Overfull \hbox (3.53322pt too wide) in paragraph at lines 674--675
[]\T1/LinuxLibertineT-TLF/m/n/9 (-20) Emerging as-a-service AI de-ploy-ment mod
-els, such as AI Platform-
 []


Class acmart Warning: \vspace should only be used to provide space above/below 
surrounding objects on input line 676.


Underfull \vbox (badness 10000) has occurred while \output is active []



[21.21]

Package natbib Warning: Citation `ref41' on page 22 undefined on input line 683
.


Package natbib Warning: Citation `ref35' on page 22 undefined on input line 685
.


Package natbib Warning: Citation `ref41' on page 22 undefined on input line 689
.


Overfull \hbox (4.1397pt too wide) in paragraph at lines 689--690
\T1/LinuxLibertineT-TLF/m/n/9 (-20) rity, prove-nance track-ing, and trans-ac-t
ion trans-parency. Blockchain's
 []


Underfull \vbox (badness 10000) has occurred while \output is active []




Package natbib Warning: Citation `ref26' on page 22 undefined on input line 691
.


Package natbib Warning: Citation `ref26' on page 22 undefined on input line 691
.


Package natbib Warning: Citation `ref41' on page 22 undefined on input line 710
.


Package natbib Warning: Citation `ref35' on page 22 undefined on input line 712
.


Package natbib Warning: Citation `ref41' on page 22 undefined on input line 716
.


Package natbib Warning: Citation `ref26' on page 22 undefined on input line 718
.


Underfull \vbox (badness 10000) has occurred while \output is active []



[22.22]

Package natbib Warning: Citation `ref41' on page 23 undefined on input line 734
.


Package natbib Warning: Citation `ref26' on page 23 undefined on input line 736
.


Package natbib Warning: Citation `ref41' on page 23 undefined on input line 736
.


Package natbib Warning: Citation `ref35' on page 23 undefined on input line 740
.


Overfull \hbox (1.45769pt too wide) in paragraph at lines 740--741
\T1/LinuxLibertineT-TLF/m/n/9 (-20) that in-cor-po-rate prac-ti-tioner pref-er-
ences fa-vor-ing community-based
 []


Underfull \vbox (badness 10000) has occurred while \output is active []




Underfull \vbox (badness 10000) has occurred while \output is active []



[23.23]



[24.24]
Overfull \hbox (12.94508pt too wide) in paragraph at lines 801--802
\T1/LinuxLibertineT-TLF/m/n/9 (-20) u-fac-tur-ing (AM) and multi-agent deep re-
in-force-ment learn-ing (MADRL)
 []


Underfull \vbox (badness 10000) has occurred while \output is active []




Package natbib Warning: Citation `ref41' on page 25 undefined on input line 811
.


Underfull \vbox (badness 1484) has occurred while \output is active []



[25.25]

Package natbib Warning: Citation `ref41' on page 26 undefined on input line 817
.


Package natbib Warning: Citation `ref41' on page 26 undefined on input line 817
.


Underfull \vbox (badness 4279) has occurred while \output is active []




Underfull \vbox (badness 2529) has occurred while \output is active []



[26.26]
Underfull \vbox (badness 10000) has occurred while \output is active []




Package natbib Warning: Citation `ref35' on page 27 undefined on input line 878
.


Overfull \hbox (10.56038pt too wide) in paragraph at lines 878--879
[]\T1/LinuxLibertineT-TLF/m/n/9 (-20) Reinforcement learn-ing (RL) tech-niques,
 in-clud-ing deep Q-networks
 []


Package natbib Warning: Citation `ref35' on page 27 undefined on input line 882
.


Underfull \vbox (badness 10000) has occurred while \output is active []



[27.27]

Package natbib Warning: Citation `ref35' on page 28 undefined on input line 886
.


Package natbib Warning: Citation `ref35' on page 28 undefined on input line 902
.


Package natbib Warning: Citation `ref35' on page 28 undefined on input line 904
.


Package natbib Warning: Citation `ref35' on page 28 undefined on input line 906
.

(./final_paper_round4.bbl
Underfull \vbox (badness 2644) has occurred while \output is active []




Underfull \vbox (badness 2591) has occurred while \output is active []



[28.28]) (./final_paper_round4.bbl
pdfTeX warning (ext4): destination with the same identifier (name{cite.ref1}) h
as been already used, duplicate ignored
<to be read again> 
                   \relax 
l.3 \bibitem{ref1}
                  
pdfTeX warning (ext4): destination with the same identifier (name{cite.ref6}) h
as been already used, duplicate ignored
<to be read again> 
                   \relax 
l.8 \bibitem{ref6}
                  
pdfTeX warning (ext4): destination with the same identifier (name{cite.ref2}) h
as been already used, duplicate ignored
<to be read again> 
                   \relax 
l.15 \bibitem{ref2}
                   
pdfTeX warning (ext4): destination with the same identifier (name{cite.ref19}) 
has been already used, duplicate ignored
<to be read again> 
                   \relax 
l.22 \bibitem{ref19}
                    
pdfTeX warning (ext4): destination with the same identifier (name{cite.ref20}) 
has been already used, duplicate ignored
<to be read again> 
                   \relax 
l.28 \bibitem{ref20}
                    
pdfTeX warning (ext4): destination with the same identifier (name{cite.ref3}) h
as been already used, duplicate ignored
<to be read again> 
                   \relax 
l.33 \bibitem{ref3}
                   
pdfTeX warning (ext4): destination with the same identifier (name{cite.ref11}) 
has been already used, duplicate ignored
<to be read again> 
                   \relax 
l.38 \bibitem{ref11}
                    


pdfTeX warning (ext4): destination with the same identifier (name{cite.ref12}) 
has been already used, duplicate ignored
<to be read again> 
                   \relax 
l.45 \bibitem{ref12}
                    
pdfTeX warning (ext4): destination with the same identifier (name{cite.ref13}) 
has been already used, duplicate ignored
<to be read again> 
                   \relax 
l.52 \bibitem{ref13}
                    
pdfTeX warning (ext4): destination with the same identifier (name{cite.ref21}) 
has been already used, duplicate ignored
<to be read again> 
                   \relax 
l.59 \bibitem{ref21}
                    
pdfTeX warning (ext4): destination with the same identifier (name{cite.ref7}) h
as been already used, duplicate ignored
<to be read again> 
                   \relax 
l.66 \bibitem{ref7}
                   
pdfTeX warning (ext4): destination with the same identifier (name{cite.ref33}) 
has been already used, duplicate ignored
<to be read again> 
                   \relax 
l.72 \bibitem{ref33}
                    
pdfTeX warning (ext4): destination with the same identifier (name{cite.ref31}) 
has been already used, duplicate ignored
<to be read again> 
                   \relax 
l.79 \bibitem{ref31}
                    
pdfTeX warning (ext4): destination with the same identifier (name{cite.ref9}) h
as been already used, duplicate ignored
<to be read again> 
                   \relax 
l.86 \bibitem{ref9}
                   
pdfTeX warning (ext4): destination with the same identifier (name{cite.ref22}) 
has been already used, duplicate ignored
<to be read again> 
                   \relax 
l.92 \bibitem{ref22}
                    
pdfTeX warning (ext4): destination with the same identifier (name{cite.ref38}) 
has been already used, duplicate ignored
<to be read again> 
                   \relax 
l.99 \bibitem{ref38}
                    
pdfTeX warning (ext4): destination with the same identifier (name{cite.ref42}) 
has been already used, duplicate ignored
<to be read again> 
                   \relax 
l.105 \bibitem{ref42}
                     
pdfTeX warning (ext4): destination with the same identifier (name{cite.ref8}) h
as been already used, duplicate ignored
<to be read again> 
                   \relax 
l.111 \bibitem{ref8}
                    
pdfTeX warning (ext4): destination with the same identifier (name{cite.ref10}) 
has been already used, duplicate ignored
<to be read again> 
                   \relax 
l.118 \bibitem{ref10}
                     
pdfTeX warning (ext4): destination with the same identifier (name{cite.ref36}) 
has been already used, duplicate ignored
<to be read again> 
                   \relax 
l.124 \bibitem{ref36}
                     
pdfTeX warning (ext4): destination with the same identifier (name{cite.ref29}) 
has been already used, duplicate ignored
<to be read again> 
                   \relax 
l.130 \bibitem{ref29}
                     
pdfTeX warning (ext4): destination with the same identifier (name{cite.ref43}) 
has been already used, duplicate ignored
<to be read again> 
                   \relax 
l.135 \bibitem{ref43}
                     
pdfTeX warning (ext4): destination with the same identifier (name{cite.ref45}) 
has been already used, duplicate ignored
<to be read again> 
                   \relax 
l.141 \bibitem{ref45}
                     
Underfull \vbox (badness 10000) has occurred while \output is active []



[29.29
pdfTeX warning (ext4): destination with the same identifier (name{cite.ref4}) h
as been already used, duplicate ignored
<argument> ...shipout:D \box_use:N \l_shipout_box 
                                                  \__shipout_drop_firstpage_...
l.210 \bibitem{ref14}
                     
pdfTeX warning (ext4): destination with the same identifier (name{cite.ref15}) 
has been already used, duplicate ignored
<argument> ...shipout:D \box_use:N \l_shipout_box 
                                                  \__shipout_drop_firstpage_...
l.210 \bibitem{ref14}
                     
pdfTeX warning (ext4): destination with the same identifier (name{cite.ref39}) 
has been already used, duplicate ignored
<argument> ...shipout:D \box_use:N \l_shipout_box 
                                                  \__shipout_drop_firstpage_...
l.210 \bibitem{ref14}
                     
pdfTeX warning (ext4): destination with the same identifier (name{cite.ref34}) 
has been already used, duplicate ignored
<argument> ...shipout:D \box_use:N \l_shipout_box 
                                                  \__shipout_drop_firstpage_...
l.210 \bibitem{ref14}
                     
pdfTeX warning (ext4): destination with the same identifier (name{cite.ref44}) 
has been already used, duplicate ignored
<argument> ...shipout:D \box_use:N \l_shipout_box 
                                                  \__shipout_drop_firstpage_...
l.210 \bibitem{ref14}
                     
pdfTeX warning (ext4): destination with the same identifier (name{cite.ref32}) 
has been already used, duplicate ignored
<argument> ...shipout:D \box_use:N \l_shipout_box 
                                                  \__shipout_drop_firstpage_...
l.210 \bibitem{ref14}
                     
pdfTeX warning (ext4): destination with the same identifier (name{cite.ref37}) 
has been already used, duplicate ignored
<argument> ...shipout:D \box_use:N \l_shipout_box 
                                                  \__shipout_drop_firstpage_...
l.210 \bibitem{ref14}
                     
pdfTeX warning (ext4): destination with the same identifier (name{cite.ref30}) 
has been already used, duplicate ignored
<argument> ...shipout:D \box_use:N \l_shipout_box 
                                                  \__shipout_drop_firstpage_...
l.210 \bibitem{ref14}
                     
pdfTeX warning (ext4): destination with the same identifier (name{cite.ref24}) 
has been already used, duplicate ignored
<argument> ...shipout:D \box_use:N \l_shipout_box 
                                                  \__shipout_drop_firstpage_...
l.210 \bibitem{ref14}
                     ]
pdfTeX warning (ext4): destination with the same identifier (name{cite.ref14}) 
has been already used, duplicate ignored
<to be read again> 
                   \relax 
l.210 \bibitem{ref14}
                     
pdfTeX warning (ext4): destination with the same identifier (name{cite.ref16}) 
has been already used, duplicate ignored
<to be read again> 
                   \relax 
l.217 \bibitem{ref16}
                     
pdfTeX warning (ext4): destination with the same identifier (name{cite.ref17}) 
has been already used, duplicate ignored
<to be read again> 
                   \relax 
l.224 \bibitem{ref17}
                     
pdfTeX warning (ext4): destination with the same identifier (name{cite.ref28}) 
has been already used, duplicate ignored
<to be read again> 
                   \relax 
l.231 \bibitem{ref28}
                     
pdfTeX warning (ext4): destination with the same identifier (name{cite.ref25}) 
has been already used, duplicate ignored
<to be read again> 
                   \relax 
l.237 \bibitem{ref25}
                     
pdfTeX warning (ext4): destination with the same identifier (name{cite.ref5}) h
as been already used, duplicate ignored
<to be read again> 
                   \relax 
l.244 \bibitem{ref5}
                    
pdfTeX warning (ext4): destination with the same identifier (name{cite.ref23}) 
has been already used, duplicate ignored
<to be read again> 
                   \relax 
l.251 \bibitem{ref23}
                     
pdfTeX warning (ext4): destination with the same identifier (name{cite.ref27}) 
has been already used, duplicate ignored
<to be read again> 
                   \relax 
l.258 \bibitem{ref27}
                     )

Package natbib Warning: There were undefined citations.


Package natbib Warning: There were multiply defined citations.


Class acmart Warning: ACM keywords are mandatory for papers over two pages.


Class acmart Warning: CCS concepts are mandatory for papers over two pages.






(/scrfs/storage/zwang/home/texlive/2025/texmf-dist/tex/generic/stringenc/se-pdf
doc.def
File: se-pdfdoc.def 2019/11/29 v1.12 stringenc: PDFDocEncoding
)
(/scrfs/storage/zwang/home/texlive/2025/texmf-dist/tex/generic/stringenc/se-utf
8.def
File: se-utf8.def 2019/11/29 v1.12 stringenc: UTF-8
) [30.30] (./final_paper_round4.aux)
 ***********
LaTeX2e <2024-11-01> patch level 2
L3 programming layer <2025-03-26>
 ***********
Package rerunfilecheck Info: File `final_paper_round4.out' has not changed.
(rerunfilecheck)             Checksum: D2083140EF7187495C81A43D1D6D14ED;18494.
 ) 
Here is how much of TeX's memory you used:
 23094 strings out of 469626
 380042 string characters out of 5463195
 851664 words of memory out of 5000000
 48730 multiletter control sequences out of 15000+600000
 788673 words of font info for 412 fonts, out of 8000000 for 9000
 1302 hyphenation exceptions out of 8191
 90i,13n,131p,1583b,800s stack positions out of 10000i,1000n,20000p,200000b,200000s
</scrfs/storage/zwang/home/texlive/2025/texmf-dist/fonts/type1/public/newtx/L
ibertineMathMI.pfb></scrfs/storage/zwang/home/texlive/2025/texmf-dist/fonts/typ
e1/public/newtx/LibertineMathMI7.pfb></scrfs/storage/zwang/home/texlive/2025/te
xmf-dist/fonts/type1/public/libertine/LinBiolinumT.pfb></scrfs/storage/zwang/ho
me/texlive/2025/texmf-dist/fonts/type1/public/libertine/LinBiolinumTB.pfb></scr
fs/storage/zwang/home/texlive/2025/texmf-dist/fonts/type1/public/libertine/LinB
iolinumTI.pfb></scrfs/storage/zwang/home/texlive/2025/texmf-dist/fonts/type1/pu
blic/libertine/LinLibertineT.pfb></scrfs/storage/zwang/home/texlive/2025/texmf-
dist/fonts/type1/public/libertine/LinLibertineTB.pfb></scrfs/storage/zwang/home
/texlive/2025/texmf-dist/fonts/type1/public/libertine/LinLibertineTI.pfb></scrf
s/storage/zwang/home/texlive/2025/texmf-dist/fonts/type1/public/newtx/txsys.pfb
>
Output written on final_paper_round4.pdf (30 pages, 632974 bytes).
PDF statistics:
 1053 PDF objects out of 1200 (max. 8388607)
 986 compressed objects within 10 object streams
 162 named destinations out of 1000 (max. 500000)
 74257 words of extra memory for PDF output out of 74296 (max. 10000000)

